This is pdfTeX, Version 3.14159265-2.6-1.40.16 (TeX Live 2015) (preloaded format=pdflatex 2015.6.24)  12 APR 2016 15:09
entering extended mode
 restricted \write18 enabled.
 %&-line parsing enabled.
**Serre_ASCEfigs.tex
(./Serre_ASCEfigs.tex
LaTeX2e <2015/01/01>
Babel <3.9l> and hyphenation patterns for 79 languages loaded.
(./Serre_ASCE.cls


LaTeX Warning: You have requested document class `Serre_ASCE',
               but the document class provides `ascelike'.

Document Class: ascelike 2013/2/14 Version 2.3 ASCE-like manuscripts (Am. Soc. 
Civ. Engr.)

(/usr/local/texlive/2015/texmf-dist/tex/latex/base/ifthen.sty
Package: ifthen 2014/09/29 v1.1c Standard LaTeX ifthen package (DPC)
)
(/usr/local/texlive/2015/texmf-dist/tex/latex/base/article.cls
Document Class: article 2014/09/29 v1.4h Standard LaTeX document class
(/usr/local/texlive/2015/texmf-dist/tex/latex/base/size12.clo
File: size12.clo 2014/09/29 v1.4h Standard LaTeX file (size option)
)
\c@part=\count79
\c@section=\count80
\c@subsection=\count81
\c@subsubsection=\count82
\c@paragraph=\count83
\c@subparagraph=\count84
\c@figure=\count85
\c@table=\count86
\abovecaptionskip=\skip41
\belowcaptionskip=\skip42
\bibindent=\dimen102
)

(1) A "Proceedings" old-style manuscript will be produced
(2) Figures and Tables will be placed within the text of the manuscript (change
 with the 'BackFigs' option)
(3) Text will be single spaced (change with the 'DoubleSpace' option)
(4) Text will be 12pt (change with the '10pt', '11pt', & '12pt' options)
(5) Line numbers will not be placed alonside the text (change with the 'LineNum
bers' option)

\c@enumnoo=\count87
\TempBoxb=\box26
\TempBoxl=\skip43
\Abovecaptionrule=\skip44
) (/usr/local/texlive/2015/texmf-dist/tex/latex/graphics/graphicx.sty
Package: graphicx 2014/10/28 v1.0g Enhanced LaTeX Graphics (DPC,SPQR)

(/usr/local/texlive/2015/texmf-dist/tex/latex/graphics/keyval.sty
Package: keyval 2014/10/28 v1.15 key=value parser (DPC)
\KV@toks@=\toks14
)
(/usr/local/texlive/2015/texmf-dist/tex/latex/graphics/graphics.sty
Package: graphics 2014/10/28 v1.0p Standard LaTeX Graphics (DPC,SPQR)

(/usr/local/texlive/2015/texmf-dist/tex/latex/graphics/trig.sty
Package: trig 1999/03/16 v1.09 sin cos tan (DPC)
)
(/usr/local/texlive/2015/texmf-dist/tex/latex/latexconfig/graphics.cfg
File: graphics.cfg 2010/04/23 v1.9 graphics configuration of TeX Live
)
Package graphics Info: Driver file: dvips.def on input line 94.

(/usr/local/texlive/2015/texmf-dist/tex/latex/graphics/dvips.def
File: dvips.def 2014/10/14 v3.0j Driver-dependent file (DPC,SPQR)
))
\Gin@req@height=\dimen103
\Gin@req@width=\dimen104
)
(/usr/local/texlive/2015/texmf-dist/tex/latex/amsmath/amsmath.sty
Package: amsmath 2013/01/14 v2.14 AMS math features
\@mathmargin=\skip45

For additional information on amsmath, use the `?' option.
(/usr/local/texlive/2015/texmf-dist/tex/latex/amsmath/amstext.sty
Package: amstext 2000/06/29 v2.01

(/usr/local/texlive/2015/texmf-dist/tex/latex/amsmath/amsgen.sty
File: amsgen.sty 1999/11/30 v2.0
\@emptytoks=\toks15
\ex@=\dimen105
))
(/usr/local/texlive/2015/texmf-dist/tex/latex/amsmath/amsbsy.sty
Package: amsbsy 1999/11/29 v1.2d
\pmbraise@=\dimen106
)
(/usr/local/texlive/2015/texmf-dist/tex/latex/amsmath/amsopn.sty
Package: amsopn 1999/12/14 v2.01 operator names
)
\inf@bad=\count88
LaTeX Info: Redefining \frac on input line 210.
\uproot@=\count89
\leftroot@=\count90
LaTeX Info: Redefining \overline on input line 306.
\classnum@=\count91
\DOTSCASE@=\count92
LaTeX Info: Redefining \ldots on input line 378.
LaTeX Info: Redefining \dots on input line 381.
LaTeX Info: Redefining \cdots on input line 466.
\Mathstrutbox@=\box27
\strutbox@=\box28
\big@size=\dimen107
LaTeX Font Info:    Redeclaring font encoding OML on input line 566.
LaTeX Font Info:    Redeclaring font encoding OMS on input line 567.
\macc@depth=\count93
\c@MaxMatrixCols=\count94
\dotsspace@=\muskip10
\c@parentequation=\count95
\dspbrk@lvl=\count96
\tag@help=\toks16
\row@=\count97
\column@=\count98
\maxfields@=\count99
\andhelp@=\toks17
\eqnshift@=\dimen108
\alignsep@=\dimen109
\tagshift@=\dimen110
\tagwidth@=\dimen111
\totwidth@=\dimen112
\lineht@=\dimen113
\@envbody=\toks18
\multlinegap=\skip46
\multlinetaggap=\skip47
\mathdisplay@stack=\toks19
LaTeX Info: Redefining \[ on input line 2665.
LaTeX Info: Redefining \] on input line 2666.
)
(/usr/local/texlive/2015/texmf-dist/tex/latex/amsfonts/amsfonts.sty
Package: amsfonts 2013/01/14 v3.01 Basic AMSFonts support
\symAMSa=\mathgroup4
\symAMSb=\mathgroup5
LaTeX Font Info:    Overwriting math alphabet `\mathfrak' in version `bold'
(Font)                  U/euf/m/n --> U/euf/b/n on input line 106.
)
(/usr/local/texlive/2015/texmf-dist/tex/latex/amsfonts/amssymb.sty
Package: amssymb 2013/01/14 v3.01 AMS font symbols
)
(/usr/local/texlive/2015/texmf-dist/tex/latex/pstricks/pstricks.sty
Package: pstricks 2013/12/12 v0.60 LaTeX wrapper for `PSTricks' (RN,HV)

(/usr/local/texlive/2015/texmf-dist/tex/generic/oberdiek/ifpdf.sty
Package: ifpdf 2011/01/30 v2.3 Provides the ifpdf switch (HO)
Package ifpdf Info: pdfTeX in PDF mode is detected.
)

Package pstricks Warning: ************************************ 
(pstricks)                Option pdf needs a "pdflatex -shell-escape <file>" 
(pstricks)                or a "pdflatex -enable-write18 <file>" 
(pstricks)                (if you are using MikTeX) 
(pstricks)                ************************************.

(/usr/local/texlive/2015/texmf-dist/tex/generic/pstricks/pstricks.tex
(/usr/local/texlive/2015/texmf-dist/tex/generic/xkeyval/pst-xkey.tex
File: pst-xkey.tex 2005/11/25 v1.6 PSTricks specialization of xkeyval (HA)

(/usr/local/texlive/2015/texmf-dist/tex/latex/xkeyval/xkeyval.sty
Package: xkeyval 2014/12/03 v2.7a package option processing (HA)

(/usr/local/texlive/2015/texmf-dist/tex/generic/xkeyval/xkeyval.tex
(/usr/local/texlive/2015/texmf-dist/tex/generic/xkeyval/xkvutils.tex
\XKV@toks=\toks20
\XKV@tempa@toks=\toks21
)
\XKV@depth=\count100
File: xkeyval.tex 2014/12/03 v2.7a key=value parser (HA)
)))
(/usr/local/texlive/2015/texmf-dist/tex/generic/pstricks/pst-fp.tex
`pst-fp' v0.05, 2010/01/17 (hv)
\pstFP@xs=\count101
\pstFP@xia=\count102
\pstFP@xib=\count103
\pstFP@xfa=\count104
\pstFP@xfb=\count105
\pstFP@rega=\count106
\pstFP@regb=\count107
\pstFP@regs=\count108
\pstFP@times=\count109
)
(/usr/local/texlive/2015/texmf-dist/tex/generic/pgf/utilities/pgfutil-common.te
x
\pgfutil@everybye=\toks22
\pgfutil@tempdima=\dimen114
\pgfutil@tempdimb=\dimen115

(/usr/local/texlive/2015/texmf-dist/tex/generic/pgf/utilities/pgfutil-common-li
sts.tex))
(/usr/local/texlive/2015/texmf-dist/tex/generic/pgf/utilities/pgfkeys.code.tex
\pgfkeys@pathtoks=\toks23
\pgfkeys@temptoks=\toks24

(/usr/local/texlive/2015/texmf-dist/tex/generic/pgf/utilities/pgfkeysfiltered.c
ode.tex
\pgfkeys@tmptoks=\toks25
))
(/usr/local/texlive/2015/texmf-dist/tex/generic/pgf/utilities/pgffor.code.tex
(/usr/local/texlive/2015/texmf-dist/tex/generic/pgf/math/pgfmath.code.tex
(/usr/local/texlive/2015/texmf-dist/tex/generic/pgf/math/pgfmathcalc.code.tex
(/usr/local/texlive/2015/texmf-dist/tex/generic/pgf/math/pgfmathutil.code.tex
\pgf@x=\dimen116
\pgf@xa=\dimen117
\pgf@xb=\dimen118
\pgf@xc=\dimen119
\pgf@y=\dimen120
\pgf@ya=\dimen121
\pgf@yb=\dimen122
\pgf@yc=\dimen123
\c@pgf@counta=\count110
\c@pgf@countb=\count111
\c@pgf@countc=\count112
\c@pgf@countd=\count113
\pgfutil@tempcnta=\count114
\pgfutil@tempcntb=\count115
)
(/usr/local/texlive/2015/texmf-dist/tex/generic/pgf/math/pgfmathparser.code.tex
\pgfmath@dimen=\dimen124
\pgfmath@count=\count116
\pgfmath@box=\box29
\pgfmath@toks=\toks26
\pgfmath@stack@operand=\toks27
\pgfmath@stack@operation=\toks28
)
(/usr/local/texlive/2015/texmf-dist/tex/generic/pgf/math/pgfmathfunctions.code.
tex
(/usr/local/texlive/2015/texmf-dist/tex/generic/pgf/math/pgfmathfunctions.basic
.code.tex)
(/usr/local/texlive/2015/texmf-dist/tex/generic/pgf/math/pgfmathfunctions.trigo
nometric.code.tex)
(/usr/local/texlive/2015/texmf-dist/tex/generic/pgf/math/pgfmathfunctions.rando
m.code.tex)
(/usr/local/texlive/2015/texmf-dist/tex/generic/pgf/math/pgfmathfunctions.compa
rison.code.tex)
(/usr/local/texlive/2015/texmf-dist/tex/generic/pgf/math/pgfmathfunctions.base.
code.tex)
(/usr/local/texlive/2015/texmf-dist/tex/generic/pgf/math/pgfmathfunctions.round
.code.tex)
(/usr/local/texlive/2015/texmf-dist/tex/generic/pgf/math/pgfmathfunctions.misc.
code.tex)
(/usr/local/texlive/2015/texmf-dist/tex/generic/pgf/math/pgfmathfunctions.integ
erarithmetics.code.tex)))
(/usr/local/texlive/2015/texmf-dist/tex/generic/pgf/math/pgfmathfloat.code.tex
\c@pgfmathroundto@lastzeros=\count117
))
\pgffor@iter=\dimen125
\pgffor@skip=\dimen126
\pgffor@stack=\toks29
\pgffor@toks=\toks30
)
\psLoopIndex=\count118

`PSTricks' v2.60  <2014/10/25> (tvz)
\pst@dima=\dimen127
\pst@dimb=\dimen128
\pst@dimc=\dimen129
\pst@dimd=\dimen130
\pst@dimg=\dimen131
\pst@dimh=\dimen132
\pst@dimm=\dimen133
\pst@dimn=\dimen134
\pst@dimo=\dimen135
\pst@dimp=\dimen136
\pst@hbox=\box30
\pst@ibox=\box31
\pst@boxg=\box32
\pst@cnta=\count119
\pst@cntb=\count120
\pst@cntc=\count121
\pst@cntd=\count122
\pst@cntg=\count123
\pst@cnth=\count124
\pst@cntm=\count125
\pst@cntn=\count126
\pst@cnto=\count127
\pst@cntp=\count128
\@zero=\count129
\pst@toks=\toks31
(/usr/local/texlive/2015/texmf-dist/tex/generic/pstricks/pstricks.con)
\psunit=\dimen137
\psxunit=\dimen138
\psyunit=\dimen139
\pst@C@@rType=\count130
\pslinewidth=\dimen140
\psk@startLW=\dimen141
\psk@endLW=\dimen142
\pst@customdefs=\toks32
\pslinearc=\dimen143
\pst@symbolStep=\dimen144
\pst@symbolWidth=\dimen145
\pst@symbolLinewidth=\dimen146
\everypsbox=\toks33
\psframesep=\dimen147
\pslabelsep=\dimen148
\sh@wgridXunit=\dimen149
\sh@wgridYunit=\dimen150
\pst@shift=\dimen151
)
File: pstricks.tex 2014/10/25 v2.60 `PSTricks' (tvz,hv)

(/usr/local/texlive/2015/texmf-dist/tex/generic/pstricks/pst-fp.tex)
File: pst-fp.tex 2014/10/25 v2.60 `PST-fp' (hv)

(/usr/local/texlive/2015/texmf-dist/tex/latex/xcolor/xcolor.sty
Package: xcolor 2007/01/21 v2.11 LaTeX color extensions (UK)

(/usr/local/texlive/2015/texmf-dist/tex/latex/latexconfig/color.cfg
File: color.cfg 2007/01/18 v1.5 color configuration of teTeX/TeXLive
)
Package xcolor Info: Package option `pdf' ignored on input line 216.
Package xcolor Info: Driver file: pdftex.def on input line 225.

(/usr/local/texlive/2015/texmf-dist/tex/latex/pdftex-def/pdftex.def
File: pdftex.def 2011/05/27 v0.06d Graphics/color for pdfTeX

(/usr/local/texlive/2015/texmf-dist/tex/generic/oberdiek/infwarerr.sty
Package: infwarerr 2010/04/08 v1.3 Providing info/warning/error messages (HO)
)
(/usr/local/texlive/2015/texmf-dist/tex/generic/oberdiek/ltxcmds.sty
Package: ltxcmds 2011/11/09 v1.22 LaTeX kernel commands for general use (HO)
)
\Gread@gobject=\count131
)
Package xcolor Info: Model `cmy' substituted by `cmy0' on input line 1337.
Package xcolor Info: Model `RGB' extended on input line 1353.
Package xcolor Info: Model `HTML' substituted by `rgb' on input line 1355.
Package xcolor Info: Model `Hsb' substituted by `hsb' on input line 1356.
Package xcolor Info: Model `tHsb' substituted by `hsb' on input line 1357.
Package xcolor Info: Model `HSB' substituted by `hsb' on input line 1358.
Package xcolor Info: Model `Gray' substituted by `gray' on input line 1359.
Package xcolor Info: Model `wave' substituted by `hsb' on input line 1360.
))
(/usr/local/texlive/2015/texmf-dist/tex/latex/psfrag/psfrag.sty
Package: psfrag 1998/04/11 v3.04 PSfrag (MCG)
\pfg@pcount=\count132
\pfg@scount=\count133
\pfg@temp=\write3
)
(/usr/local/texlive/2015/texmf-dist/tex/latex/psnfss/pifont.sty
Package: pifont 2005/04/12 PSNFSS-v9.2a Pi font support (SPQR) 
LaTeX Font Info:    Try loading font information for U+pzd on input line 63.

(/usr/local/texlive/2015/texmf-dist/tex/latex/psnfss/upzd.fd
File: upzd.fd 2001/06/04 font definitions for U/pzd.
)
LaTeX Font Info:    Try loading font information for U+psy on input line 64.

(/usr/local/texlive/2015/texmf-dist/tex/latex/psnfss/upsy.fd
File: upsy.fd 2001/06/04 font definitions for U/psy.
))
(/usr/local/texlive/2015/texmf-dist/tex/latex/oberdiek/epstopdf.sty
Package: epstopdf 2010/02/09 v2.5 Conversion with epstopdf on the fly (HO)

(/usr/local/texlive/2015/texmf-dist/tex/latex/oberdiek/epstopdf-base.sty
Package: epstopdf-base 2010/02/09 v2.5 Base part for package epstopdf

(/usr/local/texlive/2015/texmf-dist/tex/latex/oberdiek/grfext.sty
Package: grfext 2010/08/19 v1.1 Manage graphics extensions (HO)

(/usr/local/texlive/2015/texmf-dist/tex/generic/oberdiek/kvdefinekeys.sty
Package: kvdefinekeys 2011/04/07 v1.3 Define keys (HO)
))
(/usr/local/texlive/2015/texmf-dist/tex/latex/oberdiek/kvoptions.sty
Package: kvoptions 2011/06/30 v3.11 Key value format for package options (HO)

(/usr/local/texlive/2015/texmf-dist/tex/generic/oberdiek/kvsetkeys.sty
Package: kvsetkeys 2012/04/25 v1.16 Key value parser (HO)

(/usr/local/texlive/2015/texmf-dist/tex/generic/oberdiek/etexcmds.sty
Package: etexcmds 2011/02/16 v1.5 Avoid name clashes with e-TeX commands (HO)

(/usr/local/texlive/2015/texmf-dist/tex/generic/oberdiek/ifluatex.sty
Package: ifluatex 2010/03/01 v1.3 Provides the ifluatex switch (HO)
Package ifluatex Info: LuaTeX not detected.
)
Package etexcmds Info: Could not find \expanded.
(etexcmds)             That can mean that you are not using pdfTeX 1.50 or
(etexcmds)             that some package has redefined \expanded.
(etexcmds)             In the latter case, load this package earlier.
)))
(/usr/local/texlive/2015/texmf-dist/tex/generic/oberdiek/pdftexcmds.sty
Package: pdftexcmds 2011/11/29 v0.20 Utility functions of pdfTeX for LuaTeX (HO
)
Package pdftexcmds Info: LuaTeX not detected.
Package pdftexcmds Info: \pdf@primitive is available.
Package pdftexcmds Info: \pdf@ifprimitive is available.
Package pdftexcmds Info: \pdfdraftmode found.
)
Package epstopdf-base Info: Redefining graphics rule for `.eps' on input line 4
34.
Package grfext Info: Graphics extension search list:
(grfext)             [.png,.pdf,.jpg,.mps,.jpeg,.jbig2,.jb2,.PNG,.PDF,.JPG,.JPE
G,.JBIG2,.JB2,.eps]
(grfext)             \AppendGraphicsExtensions on input line 452.

(/usr/local/texlive/2015/texmf-dist/tex/latex/latexconfig/epstopdf-sys.cfg
File: epstopdf-sys.cfg 2010/07/13 v1.3 Configuration of (r)epstopdf for TeX Liv
e
)))
(/usr/local/texlive/2015/texmf-dist/tex/latex/graphics/lscape.sty
Package: lscape 2000/10/22 v3.01 Landscape Pages (DPC)
)
(/usr/local/texlive/2015/texmf-dist/tex/latex/amscls/amsthm.sty
Package: amsthm 2015/03/04 v2.20.2
\thm@style=\toks34
\thm@bodyfont=\toks35
\thm@headfont=\toks36
\thm@notefont=\toks37
\thm@headpunct=\toks38
\thm@preskip=\skip48
\thm@postskip=\skip49
\thm@headsep=\skip50
\dth@everypar=\toks39
)
(/usr/local/texlive/2015/texmf-dist/tex/latex/url/url.sty
\Urlmuskip=\muskip11
Package: url 2013/09/16  ver 3.4  Verb mode for urls, etc.
)
(/usr/local/texlive/2015/texmf-dist/tex/latex/geometry/geometry.sty
Package: geometry 2010/09/12 v5.6 Page Geometry

(/usr/local/texlive/2015/texmf-dist/tex/generic/oberdiek/ifvtex.sty
Package: ifvtex 2010/03/01 v1.5 Detect VTeX and its facilities (HO)
Package ifvtex Info: VTeX not detected.
)
(/usr/local/texlive/2015/texmf-dist/tex/generic/ifxetex/ifxetex.sty
Package: ifxetex 2010/09/12 v0.6 Provides ifxetex conditional
)
\Gm@cnth=\count134
\Gm@cntv=\count135
\c@Gm@tempcnt=\count136
\Gm@bindingoffset=\dimen152
\Gm@wd@mp=\dimen153
\Gm@odd@mp=\dimen154
\Gm@even@mp=\dimen155
\Gm@layoutwidth=\dimen156
\Gm@layoutheight=\dimen157
\Gm@layouthoffset=\dimen158
\Gm@layoutvoffset=\dimen159
\Gm@dimlist=\toks40
)
(/usr/local/texlive/2015/texmf-dist/tex/latex/base/fleqn.sty

LaTeX Warning: inputting `fleqn.clo' instead of obsolete `fleqn.sty'.

(/usr/local/texlive/2015/texmf-dist/tex/latex/base/fleqn.clo
File: fleqn.clo 2015/03/31 v1.1i Standard LaTeX option (flush left equations)
\mathindent=\dimen160
Applying: [2015/01/01] Make \[ robust on input line 50.
LaTeX Info: Redefining \[ on input line 51.
Already applied: [0000/00/00] Make \[ robust on input line 62.
Applying: [2015/01/01] Make \] robust on input line 74.
LaTeX Info: Redefining \] on input line 75.
Already applied: [0000/00/00] Make \] robust on input line 83.
))
(/usr/local/texlive/2015/texmf-dist/tex/latex/txfonts/txfonts.sty
Package: txfonts 2008/01/22 v3.2.1
LaTeX Font Info:    Redeclaring symbol font `operators' on input line 21.
LaTeX Font Info:    Overwriting symbol font `operators' in version `normal'
(Font)                  OT1/cmr/m/n --> OT1/txr/m/n on input line 21.
LaTeX Font Info:    Overwriting symbol font `operators' in version `bold'
(Font)                  OT1/cmr/bx/n --> OT1/txr/m/n on input line 21.
LaTeX Font Info:    Overwriting symbol font `operators' in version `bold'
(Font)                  OT1/txr/m/n --> OT1/txr/bx/n on input line 22.
\symitalic=\mathgroup6
LaTeX Font Info:    Overwriting symbol font `italic' in version `bold'
(Font)                  OT1/txr/m/it --> OT1/txr/bx/it on input line 26.
LaTeX Font Info:    Redeclaring math alphabet \mathbf on input line 29.
LaTeX Font Info:    Overwriting math alphabet `\mathbf' in version `normal'
(Font)                  OT1/cmr/bx/n --> OT1/txr/bx/n on input line 29.
LaTeX Font Info:    Overwriting math alphabet `\mathbf' in version `bold'
(Font)                  OT1/cmr/bx/n --> OT1/txr/bx/n on input line 29.
LaTeX Font Info:    Redeclaring math alphabet \mathit on input line 30.
LaTeX Font Info:    Overwriting math alphabet `\mathit' in version `normal'
(Font)                  OT1/cmr/m/it --> OT1/txr/m/it on input line 30.
LaTeX Font Info:    Overwriting math alphabet `\mathit' in version `bold'
(Font)                  OT1/cmr/bx/it --> OT1/txr/m/it on input line 30.
LaTeX Font Info:    Overwriting math alphabet `\mathit' in version `bold'
(Font)                  OT1/txr/m/it --> OT1/txr/bx/it on input line 31.
LaTeX Font Info:    Redeclaring math alphabet \mathsf on input line 40.
LaTeX Font Info:    Overwriting math alphabet `\mathsf' in version `normal'
(Font)                  OT1/cmss/m/n --> OT1/txss/m/n on input line 40.
LaTeX Font Info:    Overwriting math alphabet `\mathsf' in version `bold'
(Font)                  OT1/cmss/bx/n --> OT1/txss/m/n on input line 40.
LaTeX Font Info:    Overwriting math alphabet `\mathsf' in version `bold'
(Font)                  OT1/txss/m/n --> OT1/txss/b/n on input line 41.
LaTeX Font Info:    Redeclaring math alphabet \mathtt on input line 50.
LaTeX Font Info:    Overwriting math alphabet `\mathtt' in version `normal'
(Font)                  OT1/cmtt/m/n --> OT1/txtt/m/n on input line 50.
LaTeX Font Info:    Overwriting math alphabet `\mathtt' in version `bold'
(Font)                  OT1/cmtt/m/n --> OT1/txtt/m/n on input line 50.
LaTeX Font Info:    Overwriting math alphabet `\mathtt' in version `bold'
(Font)                  OT1/txtt/m/n --> OT1/txtt/b/n on input line 51.
LaTeX Font Info:    Redeclaring symbol font `letters' on input line 58.
LaTeX Font Info:    Overwriting symbol font `letters' in version `normal'
(Font)                  OML/cmm/m/it --> OML/txmi/m/it on input line 58.
LaTeX Font Info:    Overwriting symbol font `letters' in version `bold'
(Font)                  OML/cmm/b/it --> OML/txmi/m/it on input line 58.
LaTeX Font Info:    Overwriting symbol font `letters' in version `bold'
(Font)                  OML/txmi/m/it --> OML/txmi/bx/it on input line 59.
\symlettersA=\mathgroup7
LaTeX Font Info:    Overwriting symbol font `lettersA' in version `bold'
(Font)                  U/txmia/m/it --> U/txmia/bx/it on input line 67.
LaTeX Font Info:    Redeclaring math alphabet \mathfrak on input line 70.
LaTeX Font Info:    Redeclaring symbol font `symbols' on input line 77.
LaTeX Font Info:    Overwriting symbol font `symbols' in version `normal'
(Font)                  OMS/cmsy/m/n --> OMS/txsy/m/n on input line 77.
LaTeX Font Info:    Overwriting symbol font `symbols' in version `bold'
(Font)                  OMS/cmsy/b/n --> OMS/txsy/m/n on input line 77.
LaTeX Font Info:    Overwriting symbol font `symbols' in version `bold'
(Font)                  OMS/txsy/m/n --> OMS/txsy/bx/n on input line 78.
LaTeX Font Info:    Redeclaring symbol font `AMSa' on input line 93.
LaTeX Font Info:    Overwriting symbol font `AMSa' in version `normal'
(Font)                  U/msa/m/n --> U/txsya/m/n on input line 93.
LaTeX Font Info:    Overwriting symbol font `AMSa' in version `bold'
(Font)                  U/msa/m/n --> U/txsya/m/n on input line 93.
LaTeX Font Info:    Overwriting symbol font `AMSa' in version `bold'
(Font)                  U/txsya/m/n --> U/txsya/bx/n on input line 94.
LaTeX Font Info:    Redeclaring symbol font `AMSb' on input line 102.
LaTeX Font Info:    Overwriting symbol font `AMSb' in version `normal'
(Font)                  U/msb/m/n --> U/txsyb/m/n on input line 102.
LaTeX Font Info:    Overwriting symbol font `AMSb' in version `bold'
(Font)                  U/msb/m/n --> U/txsyb/m/n on input line 102.
LaTeX Font Info:    Overwriting symbol font `AMSb' in version `bold'
(Font)                  U/txsyb/m/n --> U/txsyb/bx/n on input line 103.
\symsymbolsC=\mathgroup8
LaTeX Font Info:    Overwriting symbol font `symbolsC' in version `bold'
(Font)                  U/txsyc/m/n --> U/txsyc/bx/n on input line 113.
LaTeX Font Info:    Redeclaring symbol font `largesymbols' on input line 120.
LaTeX Font Info:    Overwriting symbol font `largesymbols' in version `normal'
(Font)                  OMX/cmex/m/n --> OMX/txex/m/n on input line 120.
LaTeX Font Info:    Overwriting symbol font `largesymbols' in version `bold'
(Font)                  OMX/cmex/m/n --> OMX/txex/m/n on input line 120.
LaTeX Font Info:    Overwriting symbol font `largesymbols' in version `bold'
(Font)                  OMX/txex/m/n --> OMX/txex/bx/n on input line 121.
\symlargesymbolsA=\mathgroup9
LaTeX Font Info:    Overwriting symbol font `largesymbolsA' in version `bold'
(Font)                  U/txexa/m/n --> U/txexa/bx/n on input line 129.
LaTeX Info: Redefining \not on input line 1043.
LaTeX Info: Redefining \textsquare on input line 1063.
LaTeX Info: Redefining \openbox on input line 1064.
)
(/usr/local/texlive/2015/texmf-dist/tex/latex/wasysym/wasysym.sty
Package: wasysym 2003/10/30 v2.0 Wasy-2 symbol support package
\symwasy=\mathgroup10
LaTeX Font Info:    Overwriting symbol font `wasy' in version `bold'
(Font)                  U/wasy/m/n --> U/wasy/b/n on input line 90.
)
(/usr/local/texlive/2015/texmf-dist/tex/latex/lineno/lineno.sty
Package: lineno 2005/11/02 line numbers on paragraphs v4.41
\linenopenalty=\count137
\output=\toks41
\linenoprevgraf=\count138
\linenumbersep=\dimen161
\linenumberwidth=\dimen162
\c@linenumber=\count139
\c@pagewiselinenumber=\count140
\c@LN@truepage=\count141
\c@internallinenumber=\count142
\c@internallinenumbers=\count143
\quotelinenumbersep=\dimen163
\bframerule=\dimen164
\bframesep=\dimen165
\bframebox=\box33
LaTeX Info: Redefining \\ on input line 3056.
)
(/usr/local/texlive/2015/texmf-dist/tex/latex/tools/enumerate.sty
Package: enumerate 2014/10/28 v3.00 enumerate extensions (DPC)
\@enLab=\toks42
)
(/usr/local/texlive/2015/texmf-dist/tex/latex/psnfss/times.sty
Package: times 2005/04/12 PSNFSS-v9.2a (SPQR) 
)
(/usr/local/texlive/2015/texmf-dist/tex/latex/subfigure/subfigure.sty
Package: subfigure 2002/03/15 v2.1.5 subfigure package
\subfigtopskip=\skip51
\subfigcapskip=\skip52
\subfigcaptopadj=\dimen166
\subfigbottomskip=\skip53
\subfigcapmargin=\dimen167
\subfiglabelskip=\skip54
\c@subfigure=\count144
\c@lofdepth=\count145
\c@subtable=\count146
\c@lotdepth=\count147

****************************************
* Local config file subfigure.cfg used *
****************************************
(/usr/local/texlive/2015/texmf-dist/tex/latex/subfigure/subfigure.cfg)
\subfig@top=\skip55
\subfig@bottom=\skip56
)
(/usr/local/texlive/2015/texmf-dist/tex/latex/tools/longtable.sty
Package: longtable 2014/10/28 v4.11 Multi-page Table package (DPC)
\LTleft=\skip57
\LTright=\skip58
\LTpre=\skip59
\LTpost=\skip60
\LTchunksize=\count148
\LTcapwidth=\dimen168
\LT@head=\box34
\LT@firsthead=\box35
\LT@foot=\box36
\LT@lastfoot=\box37
\LT@cols=\count149
\LT@rows=\count150
\c@LT@tables=\count151
\c@LT@chunks=\count152
\LT@p@ftn=\toks43
)
(/usr/local/texlive/2015/texmf-dist/tex/latex/caption/caption.sty
Package: caption 2013/05/02 v3.3-89 Customizing captions (AR)

(/usr/local/texlive/2015/texmf-dist/tex/latex/caption/caption3.sty
Package: caption3 2013/05/02 v1.6-88 caption3 kernel (AR)
Package caption3 Info: TeX engine: e-TeX on input line 57.
\captionmargin=\dimen169
\captionmargin@=\dimen170
\captionwidth=\dimen171
\caption@tempdima=\dimen172
\caption@indent=\dimen173
\caption@parindent=\dimen174
\caption@hangindent=\dimen175
Package caption Info: Unknown document class (or package),
(caption)             standard defaults will be used.
)

Package caption Warning: Unsupported document class (or package) detected,
(caption)                usage of the caption package is not recommended.
See the caption package documentation for explanation.

Package caption Info: \@makecaption = \long macro:#1#2->\vspace {\Abovecaptionr
ule } \savebox {\TempBoxb }{\rule {0em}{3ex}\ifthenelse {\boolean {NewProceedin
gs}}{\rmfamily }{\sffamily }\bfseries \normalsize #1.\makebox [1ex]{}\ifthenels
e {\boolean {NewProceedings}}{\rmfamily }{\sffamily }\bfseries \normalsize #2}\
settowidth {\TempBoxl }{\usebox {\TempBoxb }} \ifthenelse {\lengthtest {\TempBo
xl > \textwidth }} {\ifthenelse {\boolean {NewProceedings}}{\rmfamily }{\sffami
ly }\bfseries \normalsize #1.\makebox [1ex]{}\ifthenelse {\boolean {NewProceedi
ngs}}{\rmfamily }{\sffamily }\bfseries \normalsize #2\par }{\centering \usebox 
{\TempBoxb }} \vskip \belowcaptionskip .
\c@ContinuedFloat=\count153
Package caption Info: longtable package is loaded.
(/usr/local/texlive/2015/texmf-dist/tex/latex/caption/ltcaption.sty
Package: ltcaption 2013/02/03 v1.3-62 longtable captions (AR)
)
Package caption Info: subfigure package is loaded.
)
(/usr/local/texlive/2015/texmf-dist/tex/latex/fancyhdr/fancyhdr.sty
\fancy@headwidth=\skip61
\f@ncyO@elh=\skip62
\f@ncyO@erh=\skip63
\f@ncyO@olh=\skip64
\f@ncyO@orh=\skip65
\f@ncyO@elf=\skip66
\f@ncyO@erf=\skip67
\f@ncyO@olf=\skip68
\f@ncyO@orf=\skip69
)
(/usr/local/texlive/2015/texmf-dist/tex/latex/currfile/currfile.sty
Package: currfile 2013/02/01 v0.7b Provides the file path elements of the curre
nt input file

(/usr/local/texlive/2015/texmf-dist/tex/latex/filehook/filehook.sty
Package: filehook 2011/10/12 v0.5d Hooks for input files
)
\c@currfiledepth=\count154
)
(/usr/local/texlive/2015/texmf-dist/tex/latex/datetime/datetime.sty
Package: datetime 2015/03/20 v2.60 Date Time Package

(/usr/local/texlive/2015/texmf-dist/tex/latex/etoolbox/etoolbox.sty
Package: etoolbox 2015/05/04 v2.2 e-TeX tools for LaTeX (JAW)
\etb@tempcnta=\count155
)
(/usr/local/texlive/2015/texmf-dist/tex/latex/fmtcount/fmtcount.sty
Package: fmtcount 2015/05/05 v3.01

(/usr/local/texlive/2015/texmf-dist/tex/latex/fmtcount/fcprefix.sty
Package: fcprefix 2012/09/28

(/usr/local/texlive/2015/texmf-dist/tex/latex/fmtcount/fcnumparser.sty
Package: fcnumparser 2012/09/28
\fc@digit@counter=\count156
))
\c@padzeroesN=\count157
\fc@tmpcatcode=\count158
\@DT@modctr=\count159
\@ordinalctr=\count160
\@orgargctr=\count161
\@strctr=\count162
\@tmpstrctr=\count163
\@DT@loopN=\count164
\@DT@X=\count165

(/usr/local/texlive/2015/texmf-dist/tex/latex/fmtcount/fc-english.def
File: fc-english.def 2013/08/17
))
(/usr/local/texlive/2015/texmf-dist/tex/latex/datetime/datetime-defaults.sty
Package: datetime-defaults 2013/09/10
)
\@day=\count166
\@month=\count167
\@year=\count168
\c@HOUR=\count169
\c@HOURXII=\count170
\c@MINUTE=\count171
\c@TOHOUR=\count172
\c@TOMINUTE=\count173
\c@SECOND=\count174
\currenthour=\count175
\currentminute=\count176
\currentsecond=\count177
Package datetime Info: No datetime.cfg file found, using default settings on in
put line 308.
\@dtctr=\count178
\dayofyear=\count179
\dayofweek=\count180
LaTeX Info: Redefining \today on input line 736.
\dt@a=\toks44
\dt@b=\toks45
)
(./Serre_ASCEfigs.aux

LaTeX Warning: Label `fig:o3dx6normdiff' multiply defined.

)
\openout1 = `Serre_ASCEfigs.aux'.

LaTeX Font Info:    Checking defaults for OML/txmi/m/it on input line 41.
LaTeX Font Info:    Try loading font information for OML+txmi on input line 41.

 (/usr/local/texlive/2015/texmf-dist/tex/latex/txfonts/omltxmi.fd
File: omltxmi.fd 2000/12/15 v3.1
)
LaTeX Font Info:    ... okay on input line 41.
LaTeX Font Info:    Checking defaults for T1/cmr/m/n on input line 41.
LaTeX Font Info:    ... okay on input line 41.
LaTeX Font Info:    Checking defaults for OT1/cmr/m/n on input line 41.
LaTeX Font Info:    ... okay on input line 41.
LaTeX Font Info:    Checking defaults for OMS/txsy/m/n on input line 41.
LaTeX Font Info:    Try loading font information for OMS+txsy on input line 41.


(/usr/local/texlive/2015/texmf-dist/tex/latex/txfonts/omstxsy.fd
File: omstxsy.fd 2000/12/15 v3.1
)
LaTeX Font Info:    ... okay on input line 41.
LaTeX Font Info:    Checking defaults for OMX/txex/m/n on input line 41.
LaTeX Font Info:    Try loading font information for OMX+txex on input line 41.


(/usr/local/texlive/2015/texmf-dist/tex/latex/txfonts/omxtxex.fd
File: omxtxex.fd 2000/12/15 v3.1
)
LaTeX Font Info:    ... okay on input line 41.
LaTeX Font Info:    Checking defaults for U/txexa/m/n on input line 41.
LaTeX Font Info:    Try loading font information for U+txexa on input line 41.

(/usr/local/texlive/2015/texmf-dist/tex/latex/txfonts/utxexa.fd
File: utxexa.fd 2000/12/15 v3.1
)
LaTeX Font Info:    ... okay on input line 41.
LaTeX Font Info:    Try loading font information for OT1+ptm on input line 41.

(/usr/local/texlive/2015/texmf-dist/tex/latex/psnfss/ot1ptm.fd
File: ot1ptm.fd 2001/06/04 font definitions for OT1/ptm.
)
(/usr/local/texlive/2015/texmf-dist/tex/latex/auto-pst-pdf/auto-pst-pdf.sty
Package: auto-pst-pdf 2009/04/26 v0.6 Wrapper for pst-pdf

(/usr/local/texlive/2015/texmf-dist/tex/latex/ifplatform/ifplatform.sty
Package: ifplatform 2010/10/22 v0.4 Testing for the operating system

(/usr/local/texlive/2015/texmf-dist/tex/generic/oberdiek/catchfile.sty
Package: catchfile 2011/03/01 v1.6 Catch the contents of a file (HO)
)

Package ifplatform Warning: 
    shell escape is disabled, so I can only detect \ifwindows.

)
\c@app@runs=\count181


! Package auto-pst-pdf Error: 
    "shell escape" (or "write18") is not enabled:
    auto-pst-pdf will not work!
.

See the auto-pst-pdf package documentation for explanation.
Type  H <return>  for immediate help.
 ...                                              
                                                  
l.134         Or turn off auto-pst-pdf.}
                                        %
You need to run LaTeX with the equivalent of "pdflatex -shell-escape"
    Or turn off auto-pst-pdf.

(/usr/local/texlive/2015/texmf-dist/tex/latex/pst-pdf/pst-pdf.sty
Package: pst-pdf 2008/10/09 v1.1v PS graphics for pdfLaTeX (RN,HjG)
\c@pspicture=\count182
Package pst-pdf Info: MODE: 1 (pdfTeX mode) on input line 214.
\ppf@output=\toks46

(/usr/local/texlive/2015/texmf-dist/tex/latex/preview/preview.sty
Package: preview 2010/02/14 11.88 (AUCTeX/preview-latex)
\pr@snippet=\count183
\pr@box=\box38
\pr@output=\toks47

Preview: Fontsize 12pt
Preview: PDFoutput 1
) (/usr/local/texlive/2015/texmf-dist/tex/latex/graphics/dvips.def
File: dvips.def 2014/10/14 v3.0j Driver-dependent file (DPC,SPQR)
)
(/usr/local/texlive/2015/texmf-dist/tex/latex/environ/environ.sty
Package: environ 2014/05/04 v0.3 A new way to define environments

(/usr/local/texlive/2015/texmf-dist/tex/latex/trimspaces/trimspaces.sty
Package: trimspaces 2009/09/17 v1.1 Trim spaces around a token list
))))
(/usr/local/texlive/2015/texmf-dist/tex/context/base/supp-pdf.mkii
[Loading MPS to PDF converter (version 2006.09.02).]
\scratchcounter=\count184
\scratchdimen=\dimen176
\scratchbox=\box39
\nofMPsegments=\count185
\nofMParguments=\count186
\everyMPshowfont=\toks48
\MPscratchCnt=\count187
\MPscratchDim=\dimen177
\MPnumerator=\count188
\makeMPintoPDFobject=\count189
\everyMPtoPDFconversion=\toks49
)
*geometry* driver: auto-detecting
*geometry* detected driver: pdftex
*geometry* verbose mode - [ preamble ] result:
* driver: pdftex
* paper: <default>
* layout: <same size as paper>
* layoutoffset:(h,v)=(0.0pt,0.0pt)
* modes: 
* h-part:(L,W,R)=(92.14519pt, 430.00462pt, 92.14519pt)
* v-part:(T,H,B)=(95.39737pt, 556.47656pt, 143.09605pt)
* \paperwidth=614.295pt
* \paperheight=794.96999pt
* \textwidth=430.00462pt
* \textheight=556.47656pt
* \oddsidemargin=19.8752pt
* \evensidemargin=19.8752pt
* \topmargin=23.12738pt
* \headheight=0.0pt
* \headsep=0.0pt
* \topskip=12.0pt
* \footskip=28.90755pt
* \marginparwidth=0.0pt
* \marginparsep=0.0pt
* \columnsep=10.0pt
* \skip\footins=10.8pt plus 4.0pt minus 2.0pt
* \hoffset=0.0pt
* \voffset=0.0pt
* \mag=1000
* \@twocolumnfalse
* \@twosidefalse
* \@mparswitchfalse
* \@reversemarginfalse
* (1in=72.27pt=25.4mm, 1cm=28.453pt)

Package caption Info: Begin \AtBeginDocument code.
Package caption Info: End \AtBeginDocument code.
LaTeX Font Info:    Font shape `OT1/ptm/bx/n' in size <14.4> not available
(Font)              Font shape `OT1/ptm/b/n' tried instead on input line 56.
LaTeX Font Info:    Try loading font information for OT1+txr on input line 56.
(/usr/local/texlive/2015/texmf-dist/tex/latex/txfonts/ot1txr.fd
File: ot1txr.fd 2000/12/15 v3.1
)
LaTeX Font Info:    Try loading font information for U+txsya on input line 56.

(/usr/local/texlive/2015/texmf-dist/tex/latex/txfonts/utxsya.fd
File: utxsya.fd 2000/12/15 v3.1
)
LaTeX Font Info:    Try loading font information for U+txsyb on input line 56.

(/usr/local/texlive/2015/texmf-dist/tex/latex/txfonts/utxsyb.fd
File: utxsyb.fd 2000/12/15 v3.1
)
LaTeX Font Info:    Try loading font information for U+txmia on input line 56.

(/usr/local/texlive/2015/texmf-dist/tex/latex/txfonts/utxmia.fd
File: utxmia.fd 2000/12/15 v3.1
)
LaTeX Font Info:    Try loading font information for U+txsyc on input line 56.

(/usr/local/texlive/2015/texmf-dist/tex/latex/txfonts/utxsyc.fd
File: utxsyc.fd 2000/12/15 v3.1
)
LaTeX Font Info:    Try loading font information for U+wasy on input line 56.

(/usr/local/texlive/2015/texmf-dist/tex/latex/wasysym/uwasy.fd
File: uwasy.fd 2003/10/30 v2.0 Wasy-2 symbol font definitions
)
LaTeX Font Info:    Font shape `OT1/ptm/bx/n' in size <12> not available
(Font)              Font shape `OT1/ptm/b/n' tried instead on input line 58.
LaTeX Font Info:    Try loading font information for OT1+phv on input line 58.

(/usr/local/texlive/2015/texmf-dist/tex/latex/psnfss/ot1phv.fd
File: ot1phv.fd 2001/06/04 scalable font definitions for OT1/phv.
)
LaTeX Font Info:    Font shape `OT1/phv/bx/n' in size <12> not available
(Font)              Font shape `OT1/phv/b/n' tried instead on input line 58.
LaTeX Font Info:    Font shape `OT1/phv/bx/n' in size <10.95> not available
(Font)              Font shape `OT1/phv/b/n' tried instead on input line 58.
Package epstopdf Info: Source file: <one-dimensional-axis_Serre.eps>
(epstopdf)                    date: 2015-05-28 02:50:16
(epstopdf)                    size: 41764 bytes
(epstopdf)             Output file: <one-dimensional-axis_Serre-eps-converted-t
o.pdf>
(epstopdf)                    date: 2015-06-03 14:10:08
(epstopdf)                    size: 6512 bytes
(epstopdf)             Command: <repstopdf --outfile=one-dimensional-axis_Serre
-eps-converted-to.pdf one-dimensional-axis_Serre.eps>
(epstopdf)             \includegraphics on input line 75.
Package epstopdf Info: Output file is already uptodate.

<one-dimensional-axis_Serre-eps-converted-to.pdf, id=1, 319.1925pt x 177.66376p
t>
File: one-dimensional-axis_Serre-eps-converted-to.pdf Graphic file (type pdf)
 <use one-dimensional-axis_Serre-eps-converted-to.pdf>
Package pdftex.def Info: one-dimensional-axis_Serre-eps-converted-to.pdf used o
n input line 75.
(pdftex.def)             Requested size: 199.16928pt x 110.85793pt.
 [1


Non-PDF special ignored!
Non-PDF special ignored!
Non-PDF special ignored!{/usr/local/texlive/2015/texmf-var/fonts/map/pdftex/upd
map/pdftex.map}] [2 <./one-dimensional-axis_Serre-eps-converted-to.pdf>]
Overfull \hbox (21.15715pt too wide) in paragraph at lines 141--141
[] 
 []


LaTeX Font Warning: Font shape `U/wasy/b/n' in size <8> not available
(Font)              Font shape `U/wasy/m/n' tried instead on input line 169.


LaTeX Font Warning: Font shape `U/wasy/b/n' in size <6> not available
(Font)              Font shape `U/wasy/m/n' tried instead on input line 169.

[3] [4] [5]
<./results/normaldiff/1dxmdiff/FDcent/6/nb2ne9/0-figure0.pdf, id=40, 241.57152p
t x 197.19171pt>
File: ./results/normaldiff/1dxmdiff/FDcent/6/nb2ne9/0-figure0.pdf Graphic file 
(type pdf)

<use ./results/normaldiff/1dxmdiff/FDcent/6/nb2ne9/0-figure0.pdf>
Package pdftex.def Info: ./results/normaldiff/1dxmdiff/FDcent/6/nb2ne9/0-figure
0.pdf used on input line 320.
(pdftex.def)             Requested size: 199.16928pt x 162.58286pt.

<./results/normaldiff/1dxmdiff/FDcent/6/nb2ne9/1-figure0.pdf, id=41, 238.38661p
t x 195.83063pt>
File: ./results/normaldiff/1dxmdiff/FDcent/6/nb2ne9/1-figure0.pdf Graphic file 
(type pdf)

<use ./results/normaldiff/1dxmdiff/FDcent/6/nb2ne9/1-figure0.pdf>
Package pdftex.def Info: ./results/normaldiff/1dxmdiff/FDcent/6/nb2ne9/1-figure
0.pdf used on input line 321.
(pdftex.def)             Requested size: 199.16928pt x 163.62106pt.

<./results/normaldiff/1dxmdiff/FDcent/6/nb2ne9/2-figure0.pdf, id=42, 242.37552p
t x 195.82962pt>
File: ./results/normaldiff/1dxmdiff/FDcent/6/nb2ne9/2-figure0.pdf Graphic file 
(type pdf)

<use ./results/normaldiff/1dxmdiff/FDcent/6/nb2ne9/2-figure0.pdf>
Package pdftex.def Info: ./results/normaldiff/1dxmdiff/FDcent/6/nb2ne9/2-figure
0.pdf used on input line 322.
(pdftex.def)             Requested size: 199.16928pt x 160.93092pt.

<./results/normaldiff/1dxmdiff/FDcent/6/nb2ne9/3-figure0.pdf, id=43, 242.3725pt
 x 195.82962pt>
File: ./results/normaldiff/1dxmdiff/FDcent/6/nb2ne9/3-figure0.pdf Graphic file 
(type pdf)

<use ./results/normaldiff/1dxmdiff/FDcent/6/nb2ne9/3-figure0.pdf>
Package pdftex.def Info: ./results/normaldiff/1dxmdiff/FDcent/6/nb2ne9/3-figure
0.pdf used on input line 323.
(pdftex.def)             Requested size: 199.16928pt x 160.93092pt.

<./results/normaldiff/1dxmdiff/grim/6/nb2ne9/0-figure0.pdf, id=44, 241.57152pt 
x 197.19171pt>
File: ./results/normaldiff/1dxmdiff/grim/6/nb2ne9/0-figure0.pdf Graphic file (t
ype pdf)
 <use ./results/normaldiff/1dxmdiff/grim/6/nb2ne9/0-figure0.pdf>
Package pdftex.def Info: ./results/normaldiff/1dxmdiff/grim/6/nb2ne9/0-figure0.
pdf used on input line 330.
(pdftex.def)             Requested size: 199.16928pt x 162.58286pt.

<./results/normaldiff/1dxmdiff/grim/6/nb2ne9/1-figure0.pdf, id=45, 238.38661pt 
x 195.83063pt>
File: ./results/normaldiff/1dxmdiff/grim/6/nb2ne9/1-figure0.pdf Graphic file (t
ype pdf)
 <use ./results/normaldiff/1dxmdiff/grim/6/nb2ne9/1-figure0.pdf>
Package pdftex.def Info: ./results/normaldiff/1dxmdiff/grim/6/nb2ne9/1-figure0.
pdf used on input line 331.
(pdftex.def)             Requested size: 199.16928pt x 163.62106pt.

<./results/normaldiff/1dxmdiff/grim/6/nb2ne9/2-figure0.pdf, id=46, 242.37552pt 
x 195.82962pt>
File: ./results/normaldiff/1dxmdiff/grim/6/nb2ne9/2-figure0.pdf Graphic file (t
ype pdf)
 <use ./results/normaldiff/1dxmdiff/grim/6/nb2ne9/2-figure0.pdf>
Package pdftex.def Info: ./results/normaldiff/1dxmdiff/grim/6/nb2ne9/2-figure0.
pdf used on input line 332.
(pdftex.def)             Requested size: 199.16928pt x 160.93092pt.

<./results/normaldiff/1dxmdiff/grim/6/nb2ne9/3-figure0.pdf, id=47, 242.3725pt x
 195.82962pt>
File: ./results/normaldiff/1dxmdiff/grim/6/nb2ne9/3-figure0.pdf Graphic file (t
ype pdf)
 <use ./results/normaldiff/1dxmdiff/grim/6/nb2ne9/3-figure0.pdf>
Package pdftex.def Info: ./results/normaldiff/1dxmdiff/grim/6/nb2ne9/3-figure0.
pdf used on input line 333.
(pdftex.def)             Requested size: 199.16928pt x 160.93092pt.

<./results/normaldiff/1dxmdiff/o1/6/nb6ne13/0-figure0.pdf, id=48, 241.57152pt x
 197.19171pt>
File: ./results/normaldiff/1dxmdiff/o1/6/nb6ne13/0-figure0.pdf Graphic file (ty
pe pdf)
 <use ./results/normaldiff/1dxmdiff/o1/6/nb6ne13/0-figure0.pdf>
Package pdftex.def Info: ./results/normaldiff/1dxmdiff/o1/6/nb6ne13/0-figure0.p
df used on input line 340.
(pdftex.def)             Requested size: 199.16928pt x 162.58286pt.

<./results/normaldiff/1dxmdiff/o1/6/nb6ne13/1-figure0.pdf, id=49, 238.38661pt x
 195.83063pt>
File: ./results/normaldiff/1dxmdiff/o1/6/nb6ne13/1-figure0.pdf Graphic file (ty
pe pdf)
 <use ./results/normaldiff/1dxmdiff/o1/6/nb6ne13/1-figure0.pdf>
Package pdftex.def Info: ./results/normaldiff/1dxmdiff/o1/6/nb6ne13/1-figure0.p
df used on input line 341.
(pdftex.def)             Requested size: 199.16928pt x 163.62106pt.

<./results/normaldiff/1dxmdiff/o1/6/nb6ne13/2-figure0.pdf, id=50, 242.37552pt x
 195.82962pt>
File: ./results/normaldiff/1dxmdiff/o1/6/nb6ne13/2-figure0.pdf Graphic file (ty
pe pdf)
 <use ./results/normaldiff/1dxmdiff/o1/6/nb6ne13/2-figure0.pdf>
Package pdftex.def Info: ./results/normaldiff/1dxmdiff/o1/6/nb6ne13/2-figure0.p
df used on input line 342.
(pdftex.def)             Requested size: 199.16928pt x 160.93092pt.

<./results/normaldiff/1dxmdiff/o1/6/nb6ne13/3-figure0.pdf, id=51, 242.3725pt x 
195.82962pt>
File: ./results/normaldiff/1dxmdiff/o1/6/nb6ne13/3-figure0.pdf Graphic file (ty
pe pdf)
 <use ./results/normaldiff/1dxmdiff/o1/6/nb6ne13/3-figure0.pdf>
Package pdftex.def Info: ./results/normaldiff/1dxmdiff/o1/6/nb6ne13/3-figure0.p
df used on input line 343.
(pdftex.def)             Requested size: 199.16928pt x 160.93092pt.

<./results/normaldiff/1dxmdiff/o2/6/nb6ne13/0-figure0.pdf, id=52, 241.57152pt x
 197.19171pt>
File: ./results/normaldiff/1dxmdiff/o2/6/nb6ne13/0-figure0.pdf Graphic file (ty
pe pdf)
 <use ./results/normaldiff/1dxmdiff/o2/6/nb6ne13/0-figure0.pdf>
Package pdftex.def Info: ./results/normaldiff/1dxmdiff/o2/6/nb6ne13/0-figure0.p
df used on input line 350.
(pdftex.def)             Requested size: 199.16928pt x 162.58286pt.

<./results/normaldiff/1dxmdiff/o2/6/nb6ne13/1-figure0.pdf, id=53, 238.38661pt x
 195.83063pt>
File: ./results/normaldiff/1dxmdiff/o2/6/nb6ne13/1-figure0.pdf Graphic file (ty
pe pdf)
 <use ./results/normaldiff/1dxmdiff/o2/6/nb6ne13/1-figure0.pdf>
Package pdftex.def Info: ./results/normaldiff/1dxmdiff/o2/6/nb6ne13/1-figure0.p
df used on input line 351.
(pdftex.def)             Requested size: 199.16928pt x 163.62106pt.

<./results/normaldiff/1dxmdiff/o2/6/nb6ne13/2-figure0.pdf, id=54, 242.37552pt x
 195.82962pt>
File: ./results/normaldiff/1dxmdiff/o2/6/nb6ne13/2-figure0.pdf Graphic file (ty
pe pdf)
 <use ./results/normaldiff/1dxmdiff/o2/6/nb6ne13/2-figure0.pdf>
Package pdftex.def Info: ./results/normaldiff/1dxmdiff/o2/6/nb6ne13/2-figure0.p
df used on input line 352.
(pdftex.def)             Requested size: 199.16928pt x 160.93092pt.

<./results/normaldiff/1dxmdiff/o2/6/nb6ne13/3-figure0.pdf, id=55, 242.3725pt x 
195.82962pt>
File: ./results/normaldiff/1dxmdiff/o2/6/nb6ne13/3-figure0.pdf Graphic file (ty
pe pdf)
 <use ./results/normaldiff/1dxmdiff/o2/6/nb6ne13/3-figure0.pdf>
Package pdftex.def Info: ./results/normaldiff/1dxmdiff/o2/6/nb6ne13/3-figure0.p
df used on input line 353.
(pdftex.def)             Requested size: 199.16928pt x 160.93092pt.

<./results/normaldiff/1dxmdiff/o3/6/nb6ne13/0-figure0.pdf, id=56, 241.57152pt x
 197.19171pt>
File: ./results/normaldiff/1dxmdiff/o3/6/nb6ne13/0-figure0.pdf Graphic file (ty
pe pdf)
 <use ./results/normaldiff/1dxmdiff/o3/6/nb6ne13/0-figure0.pdf>
Package pdftex.def Info: ./results/normaldiff/1dxmdiff/o3/6/nb6ne13/0-figure0.p
df used on input line 360.
(pdftex.def)             Requested size: 199.16928pt x 162.58286pt.

<./results/normaldiff/1dxmdiff/o3/6/nb6ne13/1-figure0.pdf, id=57, 238.38661pt x
 195.83063pt>
File: ./results/normaldiff/1dxmdiff/o3/6/nb6ne13/1-figure0.pdf Graphic file (ty
pe pdf)
 <use ./results/normaldiff/1dxmdiff/o3/6/nb6ne13/1-figure0.pdf>
Package pdftex.def Info: ./results/normaldiff/1dxmdiff/o3/6/nb6ne13/1-figure0.p
df used on input line 361.
(pdftex.def)             Requested size: 199.16928pt x 163.62106pt.

<./results/normaldiff/1dxmdiff/o3/6/nb6ne13/2-figure0.pdf, id=58, 242.37552pt x
 195.82962pt>
File: ./results/normaldiff/1dxmdiff/o3/6/nb6ne13/2-figure0.pdf Graphic file (ty
pe pdf)
 <use ./results/normaldiff/1dxmdiff/o3/6/nb6ne13/2-figure0.pdf>
Package pdftex.def Info: ./results/normaldiff/1dxmdiff/o3/6/nb6ne13/2-figure0.p
df used on input line 362.
(pdftex.def)             Requested size: 199.16928pt x 160.93092pt.

<./results/normaldiff/1dxmdiff/o3/6/nb6ne13/3-figure0.pdf, id=59, 242.3725pt x 
195.82962pt>
File: ./results/normaldiff/1dxmdiff/o3/6/nb6ne13/3-figure0.pdf Graphic file (ty
pe pdf)
 <use ./results/normaldiff/1dxmdiff/o3/6/nb6ne13/3-figure0.pdf>
Package pdftex.def Info: ./results/normaldiff/1dxmdiff/o3/6/nb6ne13/3-figure0.p
df used on input line 363.
(pdftex.def)             Requested size: 199.16928pt x 160.93092pt.

<./results/normaldiff/1dxmdiff/FDcent/8/nb3ne10/0-figure0.pdf, id=60, 241.57152
pt x 197.19171pt>
File: ./results/normaldiff/1dxmdiff/FDcent/8/nb3ne10/0-figure0.pdf Graphic file
 (type pdf)

<use ./results/normaldiff/1dxmdiff/FDcent/8/nb3ne10/0-figure0.pdf>
Package pdftex.def Info: ./results/normaldiff/1dxmdiff/FDcent/8/nb3ne10/0-figur
e0.pdf used on input line 370.
(pdftex.def)             Requested size: 199.16928pt x 162.58286pt.

<./results/normaldiff/1dxmdiff/FDcent/8/nb3ne10/1-figure0.pdf, id=61, 238.38661
pt x 195.83063pt>
File: ./results/normaldiff/1dxmdiff/FDcent/8/nb3ne10/1-figure0.pdf Graphic file
 (type pdf)

<use ./results/normaldiff/1dxmdiff/FDcent/8/nb3ne10/1-figure0.pdf>
Package pdftex.def Info: ./results/normaldiff/1dxmdiff/FDcent/8/nb3ne10/1-figur
e0.pdf used on input line 371.
(pdftex.def)             Requested size: 199.16928pt x 163.62106pt.

<./results/normaldiff/1dxmdiff/FDcent/8/nb3ne10/2-figure0.pdf, id=62, 242.37552
pt x 195.82962pt>
File: ./results/normaldiff/1dxmdiff/FDcent/8/nb3ne10/2-figure0.pdf Graphic file
 (type pdf)

<use ./results/normaldiff/1dxmdiff/FDcent/8/nb3ne10/2-figure0.pdf>
Package pdftex.def Info: ./results/normaldiff/1dxmdiff/FDcent/8/nb3ne10/2-figur
e0.pdf used on input line 372.
(pdftex.def)             Requested size: 199.16928pt x 160.93092pt.

<./results/normaldiff/1dxmdiff/FDcent/8/nb3ne10/3-figure0.pdf, id=63, 242.3725p
t x 195.82962pt>
File: ./results/normaldiff/1dxmdiff/FDcent/8/nb3ne10/3-figure0.pdf Graphic file
 (type pdf)

<use ./results/normaldiff/1dxmdiff/FDcent/8/nb3ne10/3-figure0.pdf>
Package pdftex.def Info: ./results/normaldiff/1dxmdiff/FDcent/8/nb3ne10/3-figur
e0.pdf used on input line 373.
(pdftex.def)             Requested size: 199.16928pt x 160.93092pt.

<./results/normaldiff/1dxmdiff/grim/8/nb3ne10/0-figure0.pdf, id=64, 241.57152pt
 x 197.19171pt>
File: ./results/normaldiff/1dxmdiff/grim/8/nb3ne10/0-figure0.pdf Graphic file (
type pdf)

<use ./results/normaldiff/1dxmdiff/grim/8/nb3ne10/0-figure0.pdf>
Package pdftex.def Info: ./results/normaldiff/1dxmdiff/grim/8/nb3ne10/0-figure0
.pdf used on input line 380.
(pdftex.def)             Requested size: 199.16928pt x 162.58286pt.

<./results/normaldiff/1dxmdiff/grim/8/nb3ne10/1-figure0.pdf, id=65, 238.38661pt
 x 195.83063pt>
File: ./results/normaldiff/1dxmdiff/grim/8/nb3ne10/1-figure0.pdf Graphic file (
type pdf)

<use ./results/normaldiff/1dxmdiff/grim/8/nb3ne10/1-figure0.pdf>
Package pdftex.def Info: ./results/normaldiff/1dxmdiff/grim/8/nb3ne10/1-figure0
.pdf used on input line 381.
(pdftex.def)             Requested size: 199.16928pt x 163.62106pt.

<./results/normaldiff/1dxmdiff/grim/8/nb3ne10/2-figure0.pdf, id=66, 242.37552pt
 x 195.82962pt>
File: ./results/normaldiff/1dxmdiff/grim/8/nb3ne10/2-figure0.pdf Graphic file (
type pdf)

<use ./results/normaldiff/1dxmdiff/grim/8/nb3ne10/2-figure0.pdf>
Package pdftex.def Info: ./results/normaldiff/1dxmdiff/grim/8/nb3ne10/2-figure0
.pdf used on input line 382.
(pdftex.def)             Requested size: 199.16928pt x 160.93092pt.

<./results/normaldiff/1dxmdiff/grim/8/nb3ne10/3-figure0.pdf, id=67, 242.3725pt 
x 195.82962pt>
File: ./results/normaldiff/1dxmdiff/grim/8/nb3ne10/3-figure0.pdf Graphic file (
type pdf)

<use ./results/normaldiff/1dxmdiff/grim/8/nb3ne10/3-figure0.pdf>
Package pdftex.def Info: ./results/normaldiff/1dxmdiff/grim/8/nb3ne10/3-figure0
.pdf used on input line 383.
(pdftex.def)             Requested size: 199.16928pt x 160.93092pt.

<./results/normaldiff/1dxmdiff/o1/8/nb6ne13/0-figure0.pdf, id=68, 241.57152pt x
 197.19171pt>
File: ./results/normaldiff/1dxmdiff/o1/8/nb6ne13/0-figure0.pdf Graphic file (ty
pe pdf)
 <use ./results/normaldiff/1dxmdiff/o1/8/nb6ne13/0-figure0.pdf>
Package pdftex.def Info: ./results/normaldiff/1dxmdiff/o1/8/nb6ne13/0-figure0.p
df used on input line 390.
(pdftex.def)             Requested size: 199.16928pt x 162.58286pt.

<./results/normaldiff/1dxmdiff/o1/8/nb6ne13/1-figure0.pdf, id=69, 238.38661pt x
 195.83063pt>
File: ./results/normaldiff/1dxmdiff/o1/8/nb6ne13/1-figure0.pdf Graphic file (ty
pe pdf)
 <use ./results/normaldiff/1dxmdiff/o1/8/nb6ne13/1-figure0.pdf>
Package pdftex.def Info: ./results/normaldiff/1dxmdiff/o1/8/nb6ne13/1-figure0.p
df used on input line 391.
(pdftex.def)             Requested size: 199.16928pt x 163.62106pt.

<./results/normaldiff/1dxmdiff/o1/8/nb6ne13/2-figure0.pdf, id=70, 242.37552pt x
 195.82962pt>
File: ./results/normaldiff/1dxmdiff/o1/8/nb6ne13/2-figure0.pdf Graphic file (ty
pe pdf)
 <use ./results/normaldiff/1dxmdiff/o1/8/nb6ne13/2-figure0.pdf>
Package pdftex.def Info: ./results/normaldiff/1dxmdiff/o1/8/nb6ne13/2-figure0.p
df used on input line 392.
(pdftex.def)             Requested size: 199.16928pt x 160.93092pt.

<./results/normaldiff/1dxmdiff/o1/8/nb6ne13/3-figure0.pdf, id=71, 242.3725pt x 
195.82962pt>
File: ./results/normaldiff/1dxmdiff/o1/8/nb6ne13/3-figure0.pdf Graphic file (ty
pe pdf)
 <use ./results/normaldiff/1dxmdiff/o1/8/nb6ne13/3-figure0.pdf>
Package pdftex.def Info: ./results/normaldiff/1dxmdiff/o1/8/nb6ne13/3-figure0.p
df used on input line 393.
(pdftex.def)             Requested size: 199.16928pt x 160.93092pt.
File: ./results/normaldiff/1dxmdiff/o2/6/nb6ne13/0-figure0.pdf Graphic file (ty
pe pdf)

<use ./results/normaldiff/1dxmdiff/o2/6/nb6ne13/0-figure0.pdf>
Package pdftex.def Info: ./results/normaldiff/1dxmdiff/o2/6/nb6ne13/0-figure0.p
df used on input line 400.
(pdftex.def)             Requested size: 199.16928pt x 162.58286pt.
File: ./results/normaldiff/1dxmdiff/o2/6/nb6ne13/1-figure0.pdf Graphic file (ty
pe pdf)

<use ./results/normaldiff/1dxmdiff/o2/6/nb6ne13/1-figure0.pdf>
Package pdftex.def Info: ./results/normaldiff/1dxmdiff/o2/6/nb6ne13/1-figure0.p
df used on input line 401.
(pdftex.def)             Requested size: 199.16928pt x 163.62106pt.
File: ./results/normaldiff/1dxmdiff/o2/6/nb6ne13/2-figure0.pdf Graphic file (ty
pe pdf)

<use ./results/normaldiff/1dxmdiff/o2/6/nb6ne13/2-figure0.pdf>
Package pdftex.def Info: ./results/normaldiff/1dxmdiff/o2/6/nb6ne13/2-figure0.p
df used on input line 402.
(pdftex.def)             Requested size: 199.16928pt x 160.93092pt.
File: ./results/normaldiff/1dxmdiff/o2/6/nb6ne13/3-figure0.pdf Graphic file (ty
pe pdf)

<use ./results/normaldiff/1dxmdiff/o2/6/nb6ne13/3-figure0.pdf>
Package pdftex.def Info: ./results/normaldiff/1dxmdiff/o2/6/nb6ne13/3-figure0.p
df used on input line 403.
(pdftex.def)             Requested size: 199.16928pt x 160.93092pt.
File: ./results/normaldiff/1dxmdiff/o3/6/nb6ne13/0-figure0.pdf Graphic file (ty
pe pdf)

<use ./results/normaldiff/1dxmdiff/o3/6/nb6ne13/0-figure0.pdf>
Package pdftex.def Info: ./results/normaldiff/1dxmdiff/o3/6/nb6ne13/0-figure0.p
df used on input line 410.
(pdftex.def)             Requested size: 199.16928pt x 162.58286pt.
File: ./results/normaldiff/1dxmdiff/o3/6/nb6ne13/1-figure0.pdf Graphic file (ty
pe pdf)

<use ./results/normaldiff/1dxmdiff/o3/6/nb6ne13/1-figure0.pdf>
Package pdftex.def Info: ./results/normaldiff/1dxmdiff/o3/6/nb6ne13/1-figure0.p
df used on input line 411.
(pdftex.def)             Requested size: 199.16928pt x 163.62106pt.
File: ./results/normaldiff/1dxmdiff/o3/6/nb6ne13/2-figure0.pdf Graphic file (ty
pe pdf)

<use ./results/normaldiff/1dxmdiff/o3/6/nb6ne13/2-figure0.pdf>
Package pdftex.def Info: ./results/normaldiff/1dxmdiff/o3/6/nb6ne13/2-figure0.p
df used on input line 412.
(pdftex.def)             Requested size: 199.16928pt x 160.93092pt.
File: ./results/normaldiff/1dxmdiff/o3/6/nb6ne13/3-figure0.pdf Graphic file (ty
pe pdf)

<use ./results/normaldiff/1dxmdiff/o3/6/nb6ne13/3-figure0.pdf>
Package pdftex.def Info: ./results/normaldiff/1dxmdiff/o3/6/nb6ne13/3-figure0.p
df used on input line 413.
(pdftex.def)             Requested size: 199.16928pt x 160.93092pt.
 [6 <./results/normaldiff/1dxmdiff/FDcent/6/nb2ne9/0-figure0.pdf> <./results/no
rmaldiff/1dxmdiff/FDcent/6/nb2ne9/1-figure0.pdf> <./results/normaldiff/1dxmdiff
/FDcent/6/nb2ne9/2-figure0.pdf> <./results/normaldiff/1dxmdiff/FDcent/6/nb2ne9/
3-figure0.pdf>]
(./Serre_ASCEfigs.bbl [7 <./results/normaldiff/1dxmdiff/grim/6/nb2ne9/0-figure0
.pdf> <./results/normaldiff/1dxmdiff/grim/6/nb2ne9/1-figure0.pdf> <./results/no
rmaldiff/1dxmdiff/grim/6/nb2ne9/2-figure0.pdf> <./results/normaldiff/1dxmdiff/g
rim/6/nb2ne9/3-figure0.pdf>] [8 <./results/normaldiff/1dxmdiff/o1/6/nb6ne13/0-f
igure0.pdf> <./results/normaldiff/1dxmdiff/o1/6/nb6ne13/1-figure0.pdf> <./resul
ts/normaldiff/1dxmdiff/o1/6/nb6ne13/2-figure0.pdf> <./results/normaldiff/1dxmdi
ff/o1/6/nb6ne13/3-figure0.pdf>]) [9 <./results/normaldiff/1dxmdiff/o2/6/nb6ne13
/0-figure0.pdf> <./results/normaldiff/1dxmdiff/o2/6/nb6ne13/1-figure0.pdf> <./r
esults/normaldiff/1dxmdiff/o2/6/nb6ne13/2-figure0.pdf> <./results/normaldiff/1d
xmdiff/o2/6/nb6ne13/3-figure0.pdf>] [10 <./results/normaldiff/1dxmdiff/o3/6/nb6
ne13/0-figure0.pdf> <./results/normaldiff/1dxmdiff/o3/6/nb6ne13/1-figure0.pdf> 
<./results/normaldiff/1dxmdiff/o3/6/nb6ne13/2-figure0.pdf> <./results/normaldif
f/1dxmdiff/o3/6/nb6ne13/3-figure0.pdf>] [11 <./results/normaldiff/1dxmdiff/FDce
nt/8/nb3ne10/0-figure0.pdf> <./results/normaldiff/1dxmdiff/FDcent/8/nb3ne10/1-f
igure0.pdf> <./results/normaldiff/1dxmdiff/FDcent/8/nb3ne10/2-figure0.pdf> <./r
esults/normaldiff/1dxmdiff/FDcent/8/nb3ne10/3-figure0.pdf>] [12 <./results/norm
aldiff/1dxmdiff/grim/8/nb3ne10/0-figure0.pdf> <./results/normaldiff/1dxmdiff/gr
im/8/nb3ne10/1-figure0.pdf> <./results/normaldiff/1dxmdiff/grim/8/nb3ne10/2-fig
ure0.pdf> <./results/normaldiff/1dxmdiff/grim/8/nb3ne10/3-figure0.pdf>]
[13 <./results/normaldiff/1dxmdiff/o1/8/nb6ne13/0-figure0.pdf> <./results/norma
ldiff/1dxmdiff/o1/8/nb6ne13/1-figure0.pdf> <./results/normaldiff/1dxmdiff/o1/8/
nb6ne13/2-figure0.pdf> <./results/normaldiff/1dxmdiff/o1/8/nb6ne13/3-figure0.pd
f>] [14] [15] (./Serre_ASCEfigs.aux)

LaTeX Warning: There were multiply-defined labels.

 ) 
Here is how much of TeX's memory you used:
 14500 strings out of 493089
 245537 string characters out of 6134848
 323660 words of memory out of 5000000
 17620 multiletter control sequences out of 15000+600000
 64589 words of font info for 153 fonts, out of 8000000 for 9000
 1141 hyphenation exceptions out of 8191
 53i,27n,92p,1019b,413s stack positions out of 5000i,500n,10000p,200000b,80000s
{/usr/local/texlive/2015/texmf-dist/fonts/enc/dvips/base/8r.enc}</usr/local/t
exlive/2015/texmf-dist/fonts/type1/public/amsfonts/cm/cmmi10.pfb></usr/local/te
xlive/2015/texmf-dist/fonts/type1/public/amsfonts/cm/cmmi7.pfb></usr/local/texl
ive/2015/texmf-dist/fonts/type1/public/amsfonts/cm/cmr10.pfb></usr/local/texliv
e/2015/texmf-dist/fonts/type1/public/amsfonts/cm/cmr7.pfb></usr/local/texlive/2
015/texmf-dist/fonts/type1/public/txfonts/rtxmi.pfb></usr/local/texlive/2015/te
xmf-dist/fonts/type1/public/txfonts/rtxr.pfb></usr/local/texlive/2015/texmf-dis
t/fonts/type1/public/txfonts/txex.pfb></usr/local/texlive/2015/texmf-dist/fonts
/type1/public/txfonts/txexa.pfb></usr/local/texlive/2015/texmf-dist/fonts/type1
/public/txfonts/txsy.pfb></usr/local/texlive/2015/texmf-dist/fonts/type1/urw/he
lvetic/uhvb8a.pfb></usr/local/texlive/2015/texmf-dist/fonts/type1/urw/helvetic/
uhvr8a.pfb></usr/local/texlive/2015/texmf-dist/fonts/type1/urw/times/utmb8a.pfb
></usr/local/texlive/2015/texmf-dist/fonts/type1/urw/times/utmbi8a.pfb></usr/lo
cal/texlive/2015/texmf-dist/fonts/type1/urw/times/utmr8a.pfb></usr/local/texliv
e/2015/texmf-dist/fonts/type1/urw/times/utmri8a.pfb>
Output written on Serre_ASCEfigs.pdf (15 pages, 2162919 bytes).
PDF statistics:
 577 PDF objects out of 1000 (max. 8388607)
 504 compressed objects within 6 object streams
 0 named destinations out of 1000 (max. 500000)
 166 words of extra memory for PDF output out of 10000 (max. 10000000)

