   -0.250000    0.100000    0.000000
   -0.166667    0.100000    0.000000
   -0.083333    0.100000    0.000000
    0.000000    0.100000    0.000000
    0.083333    0.100000    0.000000
    0.166667    0.100000    0.000000
    0.250000    0.100000    0.000000
    0.333333    0.100000    0.000000
    0.416667    0.100000    0.000000
    0.500000    0.100000    0.000000
    0.583333    0.100000    0.000000
    0.666667    0.100000    0.000000
    0.750000    0.100000    0.000000
    0.833333    0.100000    0.000000
    0.916667    0.100000    0.000000
    1.000000    0.100000    0.000000
    1.083333    0.100000    0.000000
    1.166667    0.100000    0.000000
    1.250000    0.100000    0.000000
    1.333333    0.100000    0.000000
    1.416667    0.100000    0.000000
    1.500000    0.100000    0.000000
    1.583333    0.100000    0.000000
    1.666667    0.100000    0.000000
    1.750000    0.100000    0.000000
    1.833333    0.100000    0.000000
    1.916667    0.100000    0.000000
    2.000000    0.100000    0.000000
    2.083333    0.100000    0.000000
    2.166667    0.100000    0.000000
    2.250000    0.100000    0.000000
    2.333333    0.100000    0.000000
    2.416667    0.100000    0.000000
    2.500000    0.100000    0.000000
    2.583333    0.100000    0.000000
    2.666667    0.100000    0.000000
    2.750000    0.100000    0.000000
    2.833333    0.100000    0.000000
    2.916667    0.100000    0.000000
    3.000000    0.100000    0.000000
    3.083333    0.100000    0.000000
    3.166667    0.100000    0.000000
    3.250000    0.100000    0.000000
    3.333333    0.100000    0.000000
    3.416667    0.100000    0.000000
    3.500000    0.100000    0.000000
    3.583333    0.100000    0.000000
    3.666667    0.100000    0.000000
    3.750000    0.100000    0.000000
    3.833333    0.100000    0.000000
    3.916667    0.100000    0.000000
    4.000000    0.100000    0.000000
    4.083333    0.100000    0.000000
    4.166667    0.100000    0.000000
    4.250000    0.100000    0.000000
    4.333333    0.100000    0.000000
    4.416667    0.100000    0.000000
    4.500000    0.100000    0.000000
    4.583333    0.100000    0.000000
    4.666667    0.100000    0.000000
    4.750000    0.100000    0.000000
    4.833333    0.100000    0.000000
    4.916667    0.100000    0.000000
    5.000000    0.100000    0.000000
    5.083333    0.100000    0.000000
    5.166667    0.100000    0.000000
    5.250000    0.100000    0.000000
    5.333333    0.100000    0.000000
    5.416667    0.100000    0.000000
    5.500000    0.100000    0.000000
    5.583333    0.100000    0.000000
    5.666667    0.100000    0.000000
    5.750000    0.100000    0.000000
    5.833333    0.100000    0.000000
    5.916667    0.100000    0.000000
    6.000000    0.100000    0.000000
    6.083333    0.100000    0.000000
    6.166667    0.100000    0.000000
    6.250000    0.100000    0.000000
    6.333333    0.100000    0.000000
    6.416667    0.100000    0.000000
    6.500000    0.100000    0.000000
    6.583333    0.100000    0.000000
    6.666667    0.100000    0.000000
    6.750000    0.100000    0.000000
    6.833333    0.100000    0.000000
    6.916667    0.100000    0.000000
    7.000000    0.100000    0.000000
    7.083333    0.100000    0.000000
    7.166667    0.100000    0.000000
    7.250000    0.100000    0.000000
    7.333333    0.100000    0.000000
    7.416667    0.100000    0.000000
    7.500000    0.100000    0.000000
    7.583333    0.100000    0.000000
    7.666667    0.100000    0.000000
    7.750000    0.100000    0.000000
    7.833333    0.100000    0.000000
    7.916667    0.100000    0.000000
    8.000000    0.100000    0.000000
    8.083333    0.100000    0.000000
    8.166667    0.100000    0.000000
    8.250000    0.100000    0.000000
    8.333333    0.100000    0.000000
    8.416667    0.100000    0.000000
    8.500000    0.100000    0.000000
    8.583333    0.100000    0.000000
    8.666667    0.100000    0.000000
    8.750000    0.100000    0.000000
    8.833333    0.100000    0.000000
    8.916667    0.100000    0.000000
    9.000000    0.100000    0.000000
    9.083333    0.100000    0.000000
    9.166667    0.100000    0.000000
    9.250000    0.100000    0.000000
    9.333333    0.100000    0.000000
    9.416667    0.100000    0.000000
    9.500000    0.100000    0.000000
    9.583333    0.100000    0.000000
    9.666667    0.100000    0.000000
    9.750000    0.100000    0.000000
    9.833333    0.100000    0.000000
    9.916667    0.100000    0.000000
   10.000000    0.100000    0.000000
   10.083333    0.100000    0.000000
   10.166667    0.100000    0.000000
   10.250000    0.100000    0.000000
   10.333333    0.100000    0.000000
   10.416667    0.100000    0.000000
   10.500000    0.100000    0.000000
   10.583333    0.100000    0.000000
   10.666667    0.100000    0.000000
   10.750000    0.100000    0.000000
   10.833333    0.100000    0.000000
   10.916667    0.100000    0.000000
   11.000000    0.100000    0.000000
   11.083333    0.100000    0.000000
   11.166667    0.100000    0.000000
   11.250000    0.100000    0.000000
   11.333333    0.100000    0.000000
   11.416667    0.100000    0.000000
   11.500000    0.100000    0.000000
   11.583333    0.100000    0.000000
   11.666667    0.100000    0.000000
   11.750000    0.100000    0.000000
   11.833333    0.100000    0.000000
   11.916667    0.100000    0.000000
   12.000000    0.100000    0.000000
   12.083333    0.100000    0.000000
   12.166667    0.100000    0.000000
   12.250000    0.100000    0.000000
   12.333333    0.100000    0.000000
   12.416667    0.100000    0.000000
   12.500000    0.100000    0.000000
   12.583333    0.100000    0.000000
   12.666667    0.100000    0.000000
   12.750000    0.100000    0.000000
   12.833333    0.100000    0.000000
   12.916667    0.100000    0.000000
   13.000000    0.100000    0.000000
   13.083333    0.100000    0.000000
   13.166667    0.100000    0.000000
   13.250000    0.100000    0.000000
   13.333333    0.100000    0.000000
   13.416667    0.100000    0.000000
   13.500000    0.100000    0.000000
   13.583333    0.100000    0.000000
   13.666667    0.100000    0.000000
   13.750000    0.100000    0.000000
   13.833333    0.100000    0.000000
   13.916667    0.100000    0.000000
   14.000000    0.100000    0.000000
   14.083333    0.100000    0.000000
   14.166667    0.100000    0.000000
   14.250000    0.100000    0.000000
   14.333333    0.100000    0.000000
   14.416667    0.100000    0.000000
   14.500000    0.100000    0.000000
   14.583333    0.100000    0.000000
   14.666667    0.100000    0.000000
   14.750000    0.100000    0.000000
   14.833333    0.100000    0.000000
   14.916667    0.100000    0.000000
   15.000000    0.100000    0.000000
   15.083333    0.100000    0.000000
   15.166667    0.100000    0.000000
   15.250000    0.100000    0.000000
   15.333333    0.100000    0.000000
   15.416667    0.100000    0.000000
   15.500000    0.100000    0.000000
   15.583333    0.100000    0.000000
   15.666667    0.100000    0.000000
   15.750000    0.100000    0.000000
   15.833333    0.100000    0.000000
   15.916667    0.100000    0.000000
   16.000000    0.100000    0.000000
   16.083334    0.100000    0.000000
   16.166666    0.100000    0.000000
   16.250000    0.100000    0.000000
   16.333334    0.100000    0.000000
   16.416666    0.100000    0.000000
   16.500000    0.100000    0.000000
   16.583334    0.100000    0.000000
   16.666666    0.100000    0.000000
   16.750000    0.100000    0.000000
   16.833334    0.100000    0.000000
   16.916666    0.100000    0.000000
   17.000000    0.100000    0.000000
   17.083334    0.100000    0.000000
   17.166666    0.100000    0.000000
   17.250000    0.100000    0.000000
   17.333334    0.100000    0.000000
   17.416666    0.100000    0.000000
   17.500000    0.100000    0.000000
   17.583334    0.100000    0.000000
   17.666666    0.100000    0.000000
   17.750000    0.100000    0.000000
   17.833334    0.100000    0.000000
   17.916666    0.100000    0.000000
   18.000000    0.100000    0.000000
   18.083334    0.100000    0.000000
   18.166666    0.100000    0.000000
   18.250000    0.100000    0.000000
   18.333334    0.100000    0.000000
   18.416666    0.100000    0.000000
   18.500000    0.100000    0.000000
   18.583334    0.100000    0.000000
   18.666666    0.100000    0.000000
   18.750000    0.100000    0.000000
   18.833334    0.100000    0.000000
   18.916666    0.100000    0.000000
   19.000000    0.100000    0.000000
   19.083334    0.100000    0.000000
   19.166666    0.100000    0.000000
   19.250000    0.100000    0.000000
   19.333334    0.100000    0.000000
   19.416666    0.100000    0.000000
   19.500000    0.100000    0.000000
   19.583334    0.100000    0.000000
   19.666666    0.100000    0.000000
   19.750000    0.100000    0.000000
   19.833334    0.100000    0.000000
   19.916666    0.100000    0.000000
   20.000000    0.100000    0.000000
   20.083334    0.100000    0.000000
   20.166666    0.100000    0.000000
   20.250000    0.100000    0.000000
   20.333334    0.100000    0.000000
   20.416666    0.100000    0.000000
   20.500000    0.100000    0.000000
   20.583334    0.100000    0.000000
   20.666666    0.100000    0.000000
   20.750000    0.100000    0.000000
   20.833334    0.100000    0.000000
   20.916666    0.100000    0.000000
   21.000000    0.100000    0.000000
   21.083334    0.100000    0.000000
   21.166666    0.100000    0.000000
   21.250000    0.100000    0.000000
   21.333334    0.100000    0.000000
   21.416666    0.100000    0.000000
   21.500000    0.100000    0.000000
   21.583334    0.100000    0.000000
   21.666666    0.100000    0.000000
   21.750000    0.100000    0.000000
   21.833334    0.100000    0.000000
   21.916666    0.100000    0.000000
   22.000000    0.100000    0.000000
   22.083334    0.100000    0.000000
   22.166666    0.100000    0.000000
   22.250000    0.100000    0.000000
   22.333334    0.100000    0.000000
   22.416666    0.100000    0.000000
   22.500000    0.100000    0.000000
   22.583334    0.100000    0.000000
   22.666666    0.100000    0.000000
   22.750000    0.100000    0.000000
   22.833334    0.100000    0.000000
   22.916666    0.100000    0.000000
   23.000000    0.100000    0.000000
   23.083334    0.100000    0.000000
   23.166666    0.100000    0.000000
   23.250000    0.100000    0.000000
   23.333334    0.100000    0.000000
   23.416666    0.100000    0.000000
   23.500000    0.100000    0.000000
   23.583334    0.100000    0.000000
   23.666666    0.100000    0.000000
   23.750000    0.100000    0.000000
   23.833334    0.100000    0.000000
   23.916666    0.100000    0.000000
   24.000000    0.100000    0.000000
   24.083334    0.100000    0.000000
   24.166666    0.100000    0.000000
   24.250000    0.100000    0.000000
   24.333334    0.100000    0.000000
   24.416666    0.100000    0.000000
   24.500000    0.100000    0.000000
   24.583334    0.100000    0.000000
   24.666666    0.100000    0.000000
   24.750000    0.100000    0.000000
   24.833334    0.100000    0.000000
   24.916666    0.100000    0.000000
   25.000000    0.100000    0.000000
   25.083334    0.100000    0.000000
   25.166666    0.100000    0.000000
   25.250000    0.100000    0.000000
   25.333334    0.100000    0.000000
   25.416666    0.100000    0.000000
   25.500000    0.100000    0.000000
   25.583334    0.100000    0.000000
   25.666666    0.100000    0.000000
   25.750000    0.100000    0.000000
   25.833334    0.100000    0.000000
   25.916666    0.100000    0.000000
   26.000000    0.100000    0.000000
   26.083334    0.100000    0.000000
   26.166666    0.100000    0.000000
   26.250000    0.100000    0.000000
   26.333334    0.100000    0.000000
   26.416666    0.100000    0.000000
   26.500000    0.100000    0.000000
   26.583334    0.100000    0.000000
   26.666666    0.100000    0.000000
   26.750000    0.100000    0.000000
   26.833334    0.100000    0.000000
   26.916666    0.100000    0.000000
   27.000000    0.100000    0.000000
   27.083334    0.100000    0.000000
   27.166666    0.100000    0.000000
   27.250000    0.100000    0.000000
   27.333334    0.100000    0.000000
   27.416666    0.100000    0.000000
   27.500000    0.100000    0.000000
   27.583334    0.100000    0.000000
   27.666666    0.100000    0.000000
   27.750000    0.100000    0.000000
   27.833334    0.100000    0.000000
   27.916666    0.100000    0.000000
   28.000000    0.100000    0.000000
   28.083334    0.100000    0.000000
   28.166666    0.100000    0.000000
   28.250000    0.100000    0.000000
   28.333334    0.100000    0.000000
   28.416666    0.100000    0.000000
   28.500000    0.100000    0.000000
   28.583334    0.100000    0.000000
   28.666666    0.100000    0.000000
   28.750000    0.100000    0.000000
   28.833334    0.100000    0.000000
   28.916666    0.100000    0.000000
   29.000000    0.100000    0.000000
   29.083334    0.100000    0.000000
   29.166666    0.100000    0.000000
   29.250000    0.100000    0.000000
   29.333334    0.100000    0.000000
   29.416666    0.100000    0.000000
   29.500000    0.100000    0.000000
   29.583334    0.100000    0.000000
   29.666666    0.100000    0.000000
   29.750000    0.100000    0.000000
   29.833334    0.100000    0.000000
   29.916666    0.100000    0.000000
   30.000000    0.100000    0.000000
   30.083334    0.100000    0.000000
   30.166666    0.100000    0.000000
   30.250000    0.100000    0.000000
   30.333334    0.100000    0.000000
   30.416666    0.100000    0.000000
   30.500000    0.100000    0.000000
   30.583334    0.100000    0.000000
   30.666666    0.100000    0.000000
   30.750000    0.100000    0.000000
   30.833334    0.100000    0.000000
   30.916666    0.100000    0.000000
   31.000000    0.100000    0.000000
   31.083334    0.100000    0.000000
   31.166666    0.100000    0.000000
   31.250000    0.100000    0.000000
   31.333334    0.100000    0.000000
   31.416666    0.100000    0.000000
   31.500000    0.100000    0.000000
   31.583334    0.100000    0.000000
   31.666666    0.100000    0.000000
   31.750000    0.100000    0.000000
   31.833334    0.100000    0.000000
   31.916666    0.100000    0.000000
   32.000000    0.100000    0.000000
   32.083332    0.100000    0.000000
   32.166668    0.100000    0.000000
   32.250000    0.100000    0.000000
   32.333332    0.100000    0.000000
   32.416668    0.100000    0.000000
   32.500000    0.100000    0.000000
   32.583332    0.100000    0.000000
   32.666668    0.100000    0.000000
   32.750000    0.100000    0.000000
   32.833332    0.100000    0.000000
   32.916668    0.100000    0.000000
   33.000000    0.100000    0.000000
   33.083332    0.100000    0.000000
   33.166668    0.100000    0.000000
   33.250000    0.100000    0.000000
   33.333332    0.100000    0.000000
   33.416668    0.100000    0.000000
   33.500000    0.100000    0.000000
   33.583332    0.100000    0.000000
   33.666668    0.100000    0.000000
   33.750000    0.100000    0.000000
   33.833332    0.100000    0.000000
   33.916668    0.100000    0.000000
   34.000000    0.100000    0.000000
   34.083332    0.100000    0.000000
   34.166668    0.100000    0.000000
   34.250000    0.100000    0.000000
   34.333332    0.100000    0.000000
   34.416668    0.100000    0.000000
   34.500000    0.100000    0.000000
   34.583332    0.100000    0.000000
   34.666668    0.100000    0.000000
   34.750000    0.100000    0.000000
   34.833332    0.100000    0.000000
   34.916668    0.100000    0.000000
   35.000000    0.100000    0.000000
   35.083332    0.100000    0.000000
   35.166668    0.100000    0.000000
   35.250000    0.100000    0.000000
   35.333332    0.100000    0.000000
   35.416668    0.100000    0.000000
   35.500000    0.100000    0.000000
   35.583332    0.100000    0.000000
   35.666668    0.100000    0.000000
   35.750000    0.100000    0.000000
   35.833332    0.100000    0.000000
   35.916668    0.100000    0.000000
   36.000000    0.100000    0.000000
   36.083332    0.100000    0.000000
   36.166668    0.100000    0.000000
   36.250000    0.100000    0.000000
   36.333332    0.100000    0.000000
   36.416668    0.100000    0.000000
   36.500000    0.100000    0.000000
   36.583332    0.100000    0.000000
   36.666668    0.100000    0.000000
   36.750000    0.100000    0.000000
   36.833332    0.100000    0.000000
   36.916668    0.100000    0.000000
   37.000000    0.100000    0.000000
   37.083332    0.100000    0.000000
   37.166668    0.100000    0.000000
   37.250000    0.100000    0.000000
   37.333332    0.100000    0.000000
   37.416668    0.100000    0.000000
   37.500000    0.100000    0.000000
   37.583332    0.100000    0.000000
   37.666668    0.100000    0.000000
   37.750000    0.100000    0.000000
   37.833332    0.100000    0.000000
   37.916668    0.100000    0.000000
   38.000000    0.100000    0.000000
   38.083332    0.100000    0.000000
   38.166668    0.100000    0.000000
   38.250000    0.100000    0.000000
   38.333332    0.100000    0.000000
   38.416668    0.100000    0.000000
   38.500000    0.100000    0.000000
   38.583332    0.100000    0.000000
   38.666668    0.100000    0.000000
   38.750000    0.100000    0.000000
   38.833332    0.100000    0.000000
   38.916668    0.100000    0.000000
   39.000000    0.100000    0.000000
   39.083332    0.100000    0.000000
   39.166668    0.100000    0.000000
   39.250000    0.100000    0.000000
   39.333332    0.100000    0.000000
   39.416668    0.100000    0.000000
   39.500000    0.100000    0.000000
   39.583332    0.100000    0.000000
   39.666668    0.100000    0.000000
   39.750000    0.100000    0.000000
   39.833332    0.100000    0.000000
   39.916668    0.100000    0.000000
   40.000000    0.100000    0.000000
   40.083332    0.100000    0.000000
   40.166668    0.100000    0.000000
   40.250000    0.100000    0.000000
   40.333332    0.100000    0.000000
   40.416668    0.100000    0.000000
   40.500000    0.100000    0.000000
   40.583332    0.100000    0.000000
   40.666668    0.100000    0.000000
   40.750000    0.100000    0.000000
   40.833332    0.100000    0.000000
   40.916668    0.100000    0.000000
   41.000000    0.100000    0.000000
   41.083332    0.100000    0.000000
   41.166668    0.100000    0.000000
   41.250000    0.100000    0.000000
   41.333332    0.100000    0.000000
   41.416668    0.100000    0.000000
   41.500000    0.100000    0.000000
   41.583332    0.100000    0.000000
   41.666668    0.100000    0.000000
   41.750000    0.100000    0.000000
   41.833332    0.100000    0.000000
   41.916668    0.100000    0.000000
   42.000000    0.100000    0.000000
   42.083332    0.100000    0.000000
   42.166668    0.100000    0.000000
   42.250000    0.100000    0.000000
   42.333332    0.100000    0.000000
   42.416668    0.100000    0.000000
   42.500000    0.100000    0.000000
   42.583332    0.100000    0.000000
   42.666668    0.100000    0.000000
   42.750000    0.100000    0.000000
   42.833332    0.100000    0.000000
   42.916668    0.100000    0.000000
   43.000000    0.100000    0.000000
   43.083332    0.100000    0.000000
   43.166668    0.100000    0.000000
   43.250000    0.100000    0.000000
   43.333332    0.100000    0.000000
   43.416668    0.100000    0.000000
   43.500000    0.100000    0.000000
   43.583332    0.100000    0.000000
   43.666668    0.100000    0.000000
   43.750000    0.100000    0.000000
   43.833332    0.100000    0.000000
   43.916668    0.100000    0.000000
   44.000000    0.100000    0.000000
   44.083332    0.100000    0.000000
   44.166668    0.100000    0.000000
   44.250000    0.100000    0.000000
   44.333332    0.100000    0.000000
   44.416668    0.100000    0.000000
   44.500000    0.100000    0.000000
   44.583332    0.100000    0.000000
   44.666668    0.100000    0.000000
   44.750000    0.100000    0.000000
   44.833332    0.100000    0.000000
   44.916668    0.100000    0.000000
   45.000000    0.100000    0.000000
   45.083332    0.100000    0.000000
   45.166668    0.100000    0.000000
   45.250000    0.100000    0.000000
   45.333332    0.100000    0.000000
   45.416668    0.100000    0.000000
   45.500000    0.100000    0.000000
   45.583332    0.100000    0.000000
   45.666668    0.100000    0.000000
   45.750000    0.100000    0.000000
   45.833332    0.100000    0.000000
   45.916668    0.100000    0.000000
   46.000000    0.100000    0.000000
   46.083332    0.100000    0.000000
   46.166668    0.100000    0.000000
   46.250000    0.100000    0.000000
   46.333332    0.100000    0.000000
   46.416668    0.100000    0.000000
   46.500000    0.100000    0.000000
   46.583332    0.100000    0.000000
   46.666668    0.100000    0.000000
   46.750000    0.100000    0.000000
   46.833332    0.100000    0.000000
   46.916668    0.100000    0.000000
   47.000000    0.100000    0.000000
   47.083332    0.100000    0.000000
   47.166668    0.100000    0.000000
   47.250000    0.100000    0.000000
   47.333332    0.100000    0.000000
   47.416668    0.100000    0.000000
   47.500000    0.100000    0.000000
   47.583332    0.100000    0.000000
   47.666668    0.100000    0.000000
   47.750000    0.100000    0.000000
   47.833332    0.100000    0.000000
   47.916668    0.100000    0.000000
   48.000000    0.100000    0.000000
   48.083332    0.100000    0.000000
   48.166668    0.100000    0.000000
   48.250000    0.100000    0.000000
   48.333332    0.100000    0.000000
   48.416668    0.100000    0.000000
   48.500000    0.100000    0.000000
   48.583332    0.100000    0.000000
   48.666668    0.100000    0.000000
   48.750000    0.100000    0.000000
   48.833332    0.100000    0.000000
   48.916668    0.100000    0.000000
   49.000000    0.100000    0.000000
   49.083332    0.100000    0.000000
   49.166668    0.100000    0.000000
   49.250000    0.100000    0.000000
   49.333332    0.100000    0.000000
   49.416668    0.090000    0.000000
   49.500000    0.090000    0.000000
   49.583332    0.090000    0.000000
   49.666668    0.090000    0.000000
   49.750000    0.090000    0.000000
   49.833332    0.090000    0.000000
   49.916668    0.090000    0.000000
   50.000000    0.090000    0.000000
   50.083332    0.090000    0.000000
   50.166668    0.090000    0.000000
   50.250000    0.090000    0.000000
   50.333332    0.090000    0.000000
   50.416668    0.090000    0.000000
   50.500000    0.090000    0.000000
   50.583332    0.090000    0.000000
   50.666668    0.100000    0.000000
   50.750000    0.100000    0.000000
   50.833332    0.100000    0.000000
   50.916668    0.100000    0.000000
   51.000000    0.100000    0.000000
   51.083332    0.100000    0.000000
   51.166668    0.100000    0.000000
   51.250000    0.100000    0.000000
   51.333332    0.100000    0.000000
   51.416668    0.100000    0.000000
   51.500000    0.100000    0.000000
   51.583332    0.100000    0.000000
   51.666668    0.100000    0.000000
   51.750000    0.100000    0.000000
   51.833332    0.100000    0.000000
   51.916668    0.100000    0.000000
   52.000000    0.100000    0.000000
   52.083332    0.100000    0.000000
   52.166668    0.100000    0.000000
   52.250000    0.100000    0.000000
   52.333332    0.100000    0.000000
   52.416668    0.100000    0.000000
   52.500000    0.100000    0.000000
   52.583332    0.100000    0.000000
   52.666668    0.100000    0.000000
   52.750000    0.100000    0.000000
   52.833332    0.100000    0.000000
   52.916668    0.100000    0.000000
   53.000000    0.100000    0.000000
   53.083332    0.100000    0.000000
   53.166668    0.100000    0.000000
   53.250000    0.100000    0.000000
   53.333332    0.100000    0.000000
   53.416668    0.100000    0.000000
   53.500000    0.100000    0.000000
   53.583332    0.100000    0.000000
   53.666668    0.100000    0.000000
   53.750000    0.100000    0.000000
   53.833332    0.100000    0.000000
   53.916668    0.100000    0.000000
   54.000000    0.100000    0.000000
   54.083332    0.100000    0.000000
   54.166668    0.100000    0.000000
   54.250000    0.100000    0.000000
   54.333332    0.100000    0.000000
   54.416668    0.100000    0.000000
   54.500000    0.100000    0.000000
   54.583332    0.100000    0.000000
   54.666668    0.100000    0.000000
   54.750000    0.100000    0.000000
   54.833332    0.100000    0.000000
   54.916668    0.100000    0.000000
   55.000000    0.100000    0.000000
   55.083332    0.100000    0.000000
   55.166668    0.100000    0.000000
   55.250000    0.100000    0.000000
   55.333332    0.100000    0.000000
   55.416668    0.100000    0.000000
   55.500000    0.100000    0.000000
   55.583332    0.100000    0.000000
   55.666668    0.100000    0.000000
   55.750000    0.100000    0.000000
   55.833332    0.100000    0.000000
   55.916668    0.100000    0.000000
   56.000000    0.100000    0.000000
   56.083332    0.100000    0.000000
   56.166668    0.100000    0.000000
   56.250000    0.100000    0.000000
   56.333332    0.100000    0.000000
   56.416668    0.100000    0.000000
   56.500000    0.100000    0.000000
   56.583332    0.100000    0.000000
   56.666668    0.100000    0.000000
   56.750000    0.100000    0.000000
   56.833332    0.100000    0.000000
   56.916668    0.100000    0.000000
   57.000000    0.100000    0.000000
   57.083332    0.100000    0.000000
   57.166668    0.100000    0.000000
   57.250000    0.100000    0.000000
   57.333332    0.100000    0.000000
   57.416668    0.100000    0.000000
   57.500000    0.100000    0.000000
   57.583332    0.100000    0.000000
   57.666668    0.100000    0.000000
   57.750000    0.100000    0.000000
   57.833332    0.100000    0.000000
   57.916668    0.100000    0.000000
   58.000000    0.100000    0.000000
   58.083332    0.100000    0.000000
   58.166668    0.100000    0.000000
   58.250000    0.100000    0.000000
   58.333332    0.100000    0.000000
   58.416668    0.100000    0.000000
   58.500000    0.100000    0.000000
   58.583332    0.100000    0.000000
   58.666668    0.100000    0.000000
   58.750000    0.100000    0.000000
   58.833332    0.100000    0.000000
   58.916668    0.100000    0.000000
   59.000000    0.100000    0.000000
   59.083332    0.100000    0.000000
   59.166668    0.100000    0.000000
   59.250000    0.100000    0.000000
   59.333332    0.100000    0.000000
   59.416668    0.100000    0.000000
   59.500000    0.100000    0.000000
   59.583332    0.100000    0.000000
   59.666668    0.100000    0.000000
   59.750000    0.100000    0.000000
   59.833332    0.100000    0.000000
   59.916668    0.100000    0.000000
   60.000000    0.100000    0.000000
   60.083332    0.100000    0.000000
   60.166668    0.100000    0.000000
   60.250000    0.100000    0.000000
   60.333332    0.100000    0.000000
   60.416668    0.100000    0.000000
   60.500000    0.100000    0.000000
   60.583332    0.100000    0.000000
   60.666668    0.100000    0.000000
   60.750000    0.100000    0.000000
   60.833332    0.100000    0.000000
   60.916668    0.100000    0.000000
   61.000000    0.100000    0.000000
   61.083332    0.100000    0.000000
   61.166668    0.100000    0.000000
   61.250000    0.100000    0.000000
   61.333332    0.100000    0.000000
   61.416668    0.100000    0.000000
   61.500000    0.100000    0.000000
   61.583332    0.100000    0.000000
   61.666668    0.100000    0.000000
   61.750000    0.100000    0.000000
   61.833332    0.100000    0.000000
   61.916668    0.100000    0.000000
   62.000000    0.100000    0.000000
   62.083332    0.100000    0.000000
   62.166668    0.100000    0.000000
   62.250000    0.100000    0.000000
   62.333332    0.100000    0.000000
   62.416668    0.100000    0.000000
   62.500000    0.100000    0.000000
   62.583332    0.100000    0.000000
   62.666668    0.100000    0.000000
   62.750000    0.100000    0.000000
   62.833332    0.100000    0.000000
   62.916668    0.100000    0.000000
   63.000000    0.100000    0.000000
   63.083332    0.100000    0.000000
   63.166668    0.100000    0.000000
   63.250000    0.100000    0.000000
   63.333332    0.100000    0.000000
   63.416668    0.100000    0.000000
   63.500000    0.100000    0.000000
   63.583332    0.100000    0.000000
   63.666668    0.100000    0.000000
   63.750000    0.100000    0.000000
   63.833332    0.100000    0.000000
   63.916668    0.100000    0.000000
   64.000000    0.100000    0.000000
   64.083336    0.100000    0.000000
   64.166664    0.100000    0.000000
   64.250000    0.100000    0.000000
   64.333336    0.100000    0.000000
   64.416664    0.100000    0.000000
   64.500000    0.100000    0.000000
   64.583336    0.100000    0.000000
   64.666664    0.100000    0.000000
   64.750000    0.100000    0.000000
   64.833336    0.100000    0.000000
   64.916664    0.100000    0.000000
   65.000000    0.100000    0.000000
   65.083336    0.100000    0.000000
   65.166664    0.100000    0.000000
   65.250000    0.100000    0.000000
   65.333336    0.100000    0.000000
   65.416664    0.100000    0.000000
   65.500000    0.100000    0.000000
   65.583336    0.100000    0.000000
   65.666664    0.100000    0.000000
   65.750000    0.100000    0.000000
   65.833336    0.100000    0.000000
   65.916664    0.100000    0.000000
   66.000000    0.100000    0.000000
   66.083336    0.100000    0.000000
   66.166664    0.100000    0.000000
   66.250000    0.100000    0.000000
   66.333336    0.100000    0.000000
   66.416664    0.100000    0.000000
   66.500000    0.100000    0.000000
   66.583336    0.100000    0.000000
   66.666664    0.100000    0.000000
   66.750000    0.100000    0.000000
   66.833336    0.100000    0.000000
   66.916664    0.100000    0.000000
   67.000000    0.100000    0.000000
   67.083336    0.100000    0.000000
   67.166664    0.100000    0.000000
   67.250000    0.100000    0.000000
   67.333336    0.100000    0.000000
   67.416664    0.100000    0.000000
   67.500000    0.100000    0.000000
   67.583336    0.100000    0.000000
   67.666664    0.100000    0.000000
   67.750000    0.100000    0.000000
   67.833336    0.100000    0.000000
   67.916664    0.100000    0.000000
   68.000000    0.100000    0.000000
   68.083336    0.100000    0.000000
   68.166664    0.100000    0.000000
   68.250000    0.100000    0.000000
   68.333336    0.100000    0.000000
   68.416664    0.100000    0.000000
   68.500000    0.100000    0.000000
   68.583336    0.100000    0.000000
   68.666664    0.100000    0.000000
   68.750000    0.100000    0.000000
   68.833336    0.100000    0.000000
   68.916664    0.100000    0.000000
   69.000000    0.100000    0.000000
   69.083336    0.100000    0.000000
   69.166664    0.100000    0.000000
   69.250000    0.100000    0.000000
   69.333336    0.100000    0.000000
   69.416664    0.100000    0.000000
   69.500000    0.100000    0.000000
   69.583336    0.100000    0.000000
   69.666664    0.100000    0.000000
   69.750000    0.100000    0.000000
   69.833336    0.100000    0.000000
   69.916664    0.100000    0.000000
   70.000000    0.100000    0.000000
   70.083336    0.100000    0.000000
   70.166664    0.100000    0.000000
   70.250000    0.100000    0.000000
   70.333336    0.100000    0.000000
   70.416664    0.100000    0.000000
   70.500000    0.100000    0.000000
   70.583336    0.100000    0.000000
   70.666664    0.100000    0.000000
   70.750000    0.100000    0.000000
   70.833336    0.100000    0.000000
   70.916664    0.100000    0.000000
   71.000000    0.100000    0.000000
   71.083336    0.100000    0.000000
   71.166664    0.100000    0.000000
   71.250000    0.100000    0.000000
   71.333336    0.100000    0.000000
   71.416664    0.100000    0.000000
   71.500000    0.100000    0.000000
   71.583336    0.100000    0.000000
   71.666664    0.100000    0.000000
   71.750000    0.100000    0.000000
   71.833336    0.100000    0.000000
   71.916664    0.100000    0.000000
   72.000000    0.100000    0.000000
   72.083336    0.100000    0.000000
   72.166664    0.100000    0.000000
   72.250000    0.100000    0.000000
   72.333336    0.100000    0.000000
   72.416664    0.100000    0.000000
   72.500000    0.100000    0.000000
   72.583336    0.100000    0.000000
   72.666664    0.100000    0.000000
   72.750000    0.100000    0.000000
   72.833336    0.100000    0.000000
   72.916664    0.100000    0.000000
   73.000000    0.100000    0.000000
   73.083336    0.100000    0.000000
   73.166664    0.100000    0.000000
   73.250000    0.100000    0.000000
   73.333336    0.100000    0.000000
   73.416664    0.100000    0.000000
   73.500000    0.100000    0.000000
   73.583336    0.100000    0.000000
   73.666664    0.100000    0.000000
   73.750000    0.100000    0.000000
   73.833336    0.100000    0.000000
   73.916664    0.100000    0.000000
   74.000000    0.100000    0.000000
   74.083336    0.100000    0.000000
   74.166664    0.100000    0.000000
   74.250000    0.100000    0.000000
   74.333336    0.100000    0.000000
   74.416664    0.100000    0.000000
   74.500000    0.100000    0.000000
   74.583336    0.100000    0.000000
   74.666664    0.100000    0.000000
   74.750000    0.100000    0.000000
   74.833336    0.100000    0.000000
   74.916664    0.100000    0.000000
   75.000000    0.100000    0.000000
   75.083336    0.100000    0.000000
   75.166664    0.100000    0.000000
   75.250000    0.100000    0.000000
   75.333336    0.100000    0.000000
   75.416664    0.100000    0.000000
   75.500000    0.100000    0.000000
   75.583336    0.100000    0.000000
   75.666664    0.100000    0.000000
   75.750000    0.100000    0.000000
   75.833336    0.100000    0.000000
   75.916664    0.100000    0.000000
   76.000000    0.100000    0.000000
   76.083336    0.100000    0.000000
   76.166664    0.100000    0.000000
   76.250000    0.100000    0.000000
   76.333336    0.100000    0.000000
   76.416664    0.100000    0.000000
   76.500000    0.100000    0.000000
   76.583336    0.100000    0.000000
   76.666664    0.100000    0.000000
   76.750000    0.100000    0.000000
   76.833336    0.100000    0.000000
   76.916664    0.100000    0.000000
   77.000000    0.100000    0.000000
   77.083336    0.100000    0.000000
   77.166664    0.100000    0.000000
   77.250000    0.100000    0.000000
   77.333336    0.100000    0.000000
   77.416664    0.100000    0.000000
   77.500000    0.100000    0.000000
   77.583336    0.100000    0.000000
   77.666664    0.100000    0.000000
   77.750000    0.100000    0.000000
   77.833336    0.100000    0.000000
   77.916664    0.100000    0.000000
   78.000000    0.100000    0.000000
   78.083336    0.100000    0.000000
   78.166664    0.100000    0.000000
   78.250000    0.100000    0.000000
   78.333336    0.100000    0.000000
   78.416664    0.100000    0.000000
   78.500000    0.100000    0.000000
   78.583336    0.100000    0.000000
   78.666664    0.100000    0.000000
   78.750000    0.100000    0.000000
   78.833336    0.100000    0.000000
   78.916664    0.100000    0.000000
   79.000000    0.100000    0.000000
   79.083336    0.100000    0.000000
   79.166664    0.100000    0.000000
   79.250000    0.100000    0.000000
   79.333336    0.100000    0.000000
   79.416664    0.100000    0.000000
   79.500000    0.100000    0.000000
   79.583336    0.100000    0.000000
   79.666664    0.100000    0.000000
   79.750000    0.100000    0.000000
   79.833336    0.100000    0.000000
   79.916664    0.100000    0.000000
   80.000000    0.100000    0.000000
   80.083336    0.100000    0.000000
   80.166664    0.100000    0.000000
   80.250000    0.100000    0.000000
   80.333336    0.100000    0.000000
   80.416664    0.100000    0.000000
   80.500000    0.100000    0.000000
   80.583336    0.100000    0.000000
   80.666664    0.100000    0.000000
   80.750000    0.100000    0.000000
   80.833336    0.100000    0.000000
   80.916664    0.100000    0.000000
   81.000000    0.100000    0.000000
   81.083336    0.100000    0.000000
   81.166664    0.100000    0.000000
   81.250000    0.100000    0.000000
   81.333336    0.100000    0.000000
   81.416664    0.100000    0.000000
   81.500000    0.100000    0.000000
   81.583336    0.100000    0.000000
   81.666664    0.100000    0.000000
   81.750000    0.100000    0.000000
   81.833336    0.100000    0.000000
   81.916664    0.100000    0.000000
   82.000000    0.100000    0.000000
   82.083336    0.100000    0.000000
   82.166664    0.100000    0.000000
   82.250000    0.100000    0.000000
   82.333336    0.100000    0.000000
   82.416664    0.100000    0.000000
   82.500000    0.100000    0.000000
   82.583336    0.100000    0.000000
   82.666664    0.100000    0.000000
   82.750000    0.100000    0.000000
   82.833336    0.100000    0.000000
   82.916664    0.100000    0.000000
   83.000000    0.100000    0.000000
   83.083336    0.100000    0.000000
   83.166664    0.100000    0.000000
   83.250000    0.100000    0.000000
   83.333336    0.100000    0.000000
   83.416664    0.100000    0.000000
   83.500000    0.100000    0.000000
   83.583336    0.100000    0.000000
   83.666664    0.100000    0.000000
   83.750000    0.100000    0.000000
   83.833336    0.100000    0.000000
   83.916664    0.100000    0.000000
   84.000000    0.100000    0.000000
   84.083336    0.100000    0.000000
   84.166664    0.100000    0.000000
   84.250000    0.100000    0.000000
   84.333336    0.100000    0.000000
   84.416664    0.100000    0.000000
   84.500000    0.100000    0.000000
   84.583336    0.100000    0.000000
   84.666664    0.100000    0.000000
   84.750000    0.100000    0.000000
   84.833336    0.100000    0.000000
   84.916664    0.100000    0.000000
   85.000000    0.100000    0.000000
   85.083336    0.100000    0.000000
   85.166664    0.100000    0.000000
   85.250000    0.100000    0.000000
   85.333336    0.100000    0.000000
   85.416664    0.100000    0.000000
   85.500000    0.100000    0.000000
   85.583336    0.100000    0.000000
   85.666664    0.100000    0.000000
   85.750000    0.100000    0.000000
   85.833336    0.100000    0.000000
   85.916664    0.100000    0.000000
   86.000000    0.100000    0.000000
   86.083336    0.100000    0.000000
   86.166664    0.100000    0.000000
   86.250000    0.100000    0.000000
   86.333336    0.100000    0.000000
   86.416664    0.100000    0.000000
   86.500000    0.100000    0.000000
   86.583336    0.100000    0.000000
   86.666664    0.100000    0.000000
   86.750000    0.100000    0.000000
   86.833336    0.100000    0.000000
   86.916664    0.100000    0.000000
   87.000000    0.100000    0.000000
   87.083336    0.100000    0.000000
   87.166664    0.100000    0.000000
   87.250000    0.100000    0.000000
   87.333336    0.100000    0.000000
   87.416664    0.100000    0.000000
   87.500000    0.100000    0.000000
   87.583336    0.100000    0.000000
   87.666664    0.100000    0.000000
   87.750000    0.100000    0.000000
   87.833336    0.100000    0.000000
   87.916664    0.100000    0.000000
   88.000000    0.100000    0.000000
   88.083336    0.100000    0.000000
   88.166664    0.100000    0.000000
   88.250000    0.100000    0.000000
   88.333336    0.100000    0.000000
   88.416664    0.100000    0.000000
   88.500000    0.100000    0.000000
   88.583336    0.100000    0.000000
   88.666664    0.100000    0.000000
   88.750000    0.100000    0.000000
   88.833336    0.100000    0.000000
   88.916664    0.100000    0.000000
   89.000000    0.100000    0.000000
   89.083336    0.100000    0.000000
   89.166664    0.100000    0.000000
   89.250000    0.100000    0.000000
   89.333336    0.100000    0.000000
   89.416664    0.100000    0.000000
   89.500000    0.100000    0.000000
   89.583336    0.100000    0.000000
   89.666664    0.100000    0.000000
   89.750000    0.100000    0.000000
   89.833336    0.100000    0.000000
   89.916664    0.100000    0.000000
   90.000000    0.100000    0.000000
   90.083336    0.100000    0.000000
   90.166664    0.100000    0.000000
   90.250000    0.100000    0.000000
   90.333336    0.100000    0.000000
   90.416664    0.100000    0.000000
   90.500000    0.100000    0.000000
   90.583336    0.100000    0.000000
   90.666664    0.100000    0.000000
   90.750000    0.100000    0.000000
   90.833336    0.100000    0.000000
   90.916664    0.100000    0.000000
   91.000000    0.100000    0.000000
   91.083336    0.100000    0.000000
   91.166664    0.100000    0.000000
   91.250000    0.100000    0.000000
   91.333336    0.100000    0.000000
   91.416664    0.100000    0.000000
   91.500000    0.100000    0.000000
   91.583336    0.100000    0.000000
   91.666664    0.100000    0.000000
   91.750000    0.100000    0.000000
   91.833336    0.100000    0.000000
   91.916664    0.100000    0.000000
   92.000000    0.100000    0.000000
   92.083336    0.100000    0.000000
   92.166664    0.100000    0.000000
   92.250000    0.100000    0.000000
   92.333336    0.100000    0.000000
   92.416664    0.100000    0.000000
   92.500000    0.100000    0.000000
   92.583336    0.100000    0.000000
   92.666664    0.100000    0.000000
   92.750000    0.100000    0.000000
   92.833336    0.100000    0.000000
   92.916664    0.100000    0.000000
   93.000000    0.100000    0.000000
   93.083336    0.100000    0.000000
   93.166664    0.100000    0.000000
   93.250000    0.100000    0.000000
   93.333336    0.100000    0.000000
   93.416664    0.100000    0.000000
   93.500000    0.100000    0.000000
   93.583336    0.100000    0.000000
   93.666664    0.100000    0.000000
   93.750000    0.100000    0.000000
   93.833336    0.100000    0.000000
   93.916664    0.100000    0.000000
   94.000000    0.100000    0.000000
   94.083336    0.100000    0.000000
   94.166664    0.100000    0.000000
   94.250000    0.100000    0.000000
   94.333336    0.100000    0.000000
   94.416664    0.100000    0.000000
   94.500000    0.100000    0.000000
   94.583336    0.100000    0.000000
   94.666664    0.100000    0.000000
   94.750000    0.100000    0.000000
   94.833336    0.100000    0.000000
   94.916664    0.100000    0.000000
   95.000000    0.100000    0.000000
   95.083336    0.100000    0.000000
   95.166664    0.100000    0.000000
   95.250000    0.100000    0.000000
   95.333336    0.100000    0.000000
   95.416664    0.100000    0.000000
   95.500000    0.100000    0.000000
   95.583336    0.100000    0.000000
   95.666664    0.100000    0.000000
   95.750000    0.100000    0.000000
   95.833336    0.100000    0.000000
   95.916664    0.100000    0.000000
   96.000000    0.100000    0.000000
   96.083336    0.100000    0.000000
   96.166664    0.100000    0.000000
   96.250000    0.100000    0.000000
   96.333336    0.100000    0.000000
   96.416664    0.100000    0.000000
   96.500000    0.100000    0.000000
   96.583336    0.100000    0.000000
   96.666664    0.100000    0.000000
   96.750000    0.100000    0.000000
   96.833336    0.100000    0.000000
   96.916664    0.100000    0.000000
   97.000000    0.100000    0.000000
   97.083336    0.100000    0.000000
   97.166664    0.100000    0.000000
   97.250000    0.100000    0.000000
   97.333336    0.100000    0.000000
   97.416664    0.100000    0.000000
   97.500000    0.100000    0.000000
   97.583336    0.100000    0.000000
   97.666664    0.100000    0.000000
   97.750000    0.100000    0.000000
   97.833336    0.100000    0.000000
   97.916664    0.100000    0.000000
   98.000000    0.100000    0.000000
   98.083336    0.100000    0.000000
   98.166664    0.100000    0.000000
   98.250000    0.100000    0.000000
   98.333336    0.100000    0.000000
   98.416664    0.100000    0.000000
   98.500000    0.100000    0.000000
   98.583336    0.100000    0.000000
   98.666664    0.100000    0.000000
   98.750000    0.100000    0.000000
   98.833336    0.100000    0.000000
   98.916664    0.100000    0.000000
   99.000000    0.100000    0.000000
   99.083336    0.100000    0.000000
   99.166664    0.100000    0.000000
   99.250000    0.100000    0.000000
   99.333336    0.100000    0.000000
   99.416664    0.100000    0.000000
   99.500000    0.100000    0.000000
   99.583336    0.100000    0.000000
   99.666664    0.100000    0.000000
   99.750000    0.100000    0.000000
   99.833336    0.100000    0.000000
   99.916664    0.100000    0.000000
  100.000000    0.100000    0.000000
  100.083336    0.100000    0.000000
  100.166664    0.100000    0.000000
  100.250000    0.100000    0.000000
   -0.250000    0.100000    0.000000
   -0.166667    0.100000    0.000000
   -0.083333    0.100000    0.000000
    0.000000    0.099397    0.005982
    0.083333    0.099325    0.006698
    0.166667    0.099245    0.007490
    0.250000    0.099164    0.008294
    0.333333    0.099075    0.009181
    0.416667    0.098986    0.010072
    0.500000    0.098887    0.011051
    0.583333    0.098789    0.012034
    0.666667    0.098681    0.013109
    0.750000    0.098571    0.014200
    0.833333    0.098452    0.015394
    0.916667    0.098328    0.016631
    1.000000    0.098191    0.017997
    1.083333    0.098048    0.019432
    1.166667    0.097907    0.020848
    1.250000    0.097773    0.022163
    1.333333    0.097653    0.023416
    1.416667    0.097539    0.024467
    1.500000    0.097451    0.025484
    1.583333    0.097364    0.026197
    1.666667    0.097311    0.026901
    1.750000    0.097258    0.027277
    1.833333    0.097234    0.027639
    1.916667    0.097213    0.027760
    2.000000    0.097209    0.027852
    2.083333    0.097207    0.027855
    2.166667    0.097213    0.027796
    2.250000    0.097236    0.027567
    2.333333    0.097289    0.027032
    2.416667    0.097390    0.026024
    2.500000    0.097557    0.024343
    2.583333    0.097815    0.021758
    2.666667    0.098183    0.018071
    2.750000    0.098573    0.014188
    2.833333    0.098898    0.010925
    2.916667    0.099165    0.008318
    3.000000    0.099369    0.006210
    3.083333    0.099535    0.004674
    3.166667    0.099650    0.003386
    3.250000    0.099750    0.002561
    3.333333    0.099810    0.001799
    3.416667    0.099868    0.001376
    3.500000    0.099899    0.000953
    3.583333    0.099929    0.000722
    3.666667    0.099947    0.000515
    3.750000    0.099961    0.000370
    3.833333    0.099973    0.000284
    3.916667    0.099978    0.000198
    4.000000    0.099984    0.000152
    4.083333    0.099988    0.000116
    4.166667    0.099991    0.000085
    4.250000    0.099993    0.000069
    4.333333    0.099994    0.000055
    4.416667    0.099995    0.000043
    4.500000    0.099996    0.000038
    4.583333    0.099996    0.000032
    4.666667    0.099997    0.000028
    4.750000    0.099997    0.000026
    4.833333    0.099997    0.000024
    4.916667    0.099997    0.000022
    5.000000    0.099998    0.000021
    5.083333    0.099998    0.000020
    5.166667    0.099998    0.000019
    5.250000    0.099998    0.000019
    5.333333    0.099998    0.000018
    5.416667    0.099998    0.000018
    5.500000    0.099998    0.000017
    5.583333    0.099998    0.000017
    5.666667    0.099998    0.000017
    5.750000    0.099998    0.000017
    5.833333    0.099998    0.000017
    5.916667    0.099998    0.000016
    6.000000    0.099998    0.000016
    6.083333    0.099998    0.000016
    6.166667    0.099998    0.000016
    6.250000    0.099998    0.000016
    6.333333    0.099998    0.000016
    6.416667    0.099998    0.000015
    6.500000    0.099998    0.000015
    6.583333    0.099998    0.000015
    6.666667    0.099998    0.000015
    6.750000    0.099998    0.000015
    6.833333    0.099998    0.000015
    6.916667    0.099998    0.000014
    7.000000    0.099998    0.000014
    7.083333    0.099998    0.000014
    7.166667    0.099998    0.000014
    7.250000    0.099998    0.000014
    7.333333    0.099998    0.000014
    7.416667    0.099998    0.000014
    7.500000    0.099998    0.000014
    7.583333    0.099998    0.000014
    7.666667    0.099998    0.000013
    7.750000    0.099998    0.000013
    7.833333    0.099998    0.000013
    7.916667    0.099998    0.000013
    8.000000    0.099998    0.000013
    8.083333    0.099998    0.000013
    8.166667    0.099998    0.000013
    8.250000    0.099998    0.000013
    8.333333    0.099998    0.000013
    8.416667    0.099998    0.000013
    8.500000    0.099998    0.000013
    8.583333    0.099998    0.000013
    8.666667    0.099998    0.000013
    8.750000    0.099998    0.000012
    8.833333    0.099998    0.000012
    8.916667    0.099998    0.000012
    9.000000    0.099998    0.000012
    9.083333    0.099998    0.000012
    9.166667    0.099998    0.000012
    9.250000    0.099998    0.000012
    9.333333    0.099998    0.000012
    9.416667    0.099998    0.000012
    9.500000    0.099998    0.000012
    9.583333    0.099998    0.000012
    9.666667    0.099998    0.000012
    9.750000    0.099998    0.000011
    9.833333    0.099998    0.000011
    9.916667    0.099998    0.000011
   10.000000    0.099998    0.000011
   10.083333    0.099998    0.000011
   10.166667    0.099998    0.000011
   10.250000    0.099998    0.000011
   10.333333    0.099998    0.000011
   10.416667    0.099998    0.000011
   10.500000    0.099998    0.000011
   10.583333    0.099998    0.000011
   10.666667    0.099998    0.000011
   10.750000    0.099999    0.000011
   10.833333    0.099999    0.000011
   10.916667    0.099999    0.000011
   11.000000    0.099999    0.000011
   11.083333    0.099999    0.000011
   11.166667    0.099999    0.000010
   11.250000    0.099999    0.000010
   11.333333    0.099999    0.000010
   11.416667    0.099999    0.000010
   11.500000    0.099999    0.000010
   11.583333    0.099999    0.000010
   11.666667    0.099999    0.000010
   11.750000    0.099999    0.000010
   11.833333    0.099999    0.000010
   11.916667    0.099999    0.000010
   12.000000    0.099999    0.000010
   12.083333    0.099999    0.000010
   12.166667    0.099999    0.000010
   12.250000    0.099999    0.000010
   12.333333    0.099999    0.000010
   12.416667    0.099999    0.000010
   12.500000    0.099999    0.000010
   12.583333    0.099999    0.000010
   12.666667    0.099999    0.000009
   12.750000    0.099999    0.000009
   12.833333    0.099999    0.000009
   12.916667    0.099999    0.000009
   13.000000    0.099999    0.000009
   13.083333    0.099999    0.000009
   13.166667    0.099999    0.000009
   13.250000    0.099999    0.000009
   13.333333    0.099999    0.000009
   13.416667    0.099999    0.000009
   13.500000    0.099999    0.000009
   13.583333    0.099999    0.000009
   13.666667    0.099999    0.000009
   13.750000    0.099999    0.000009
   13.833333    0.099999    0.000009
   13.916667    0.099999    0.000009
   14.000000    0.099999    0.000009
   14.083333    0.099999    0.000009
   14.166667    0.099999    0.000009
   14.250000    0.099999    0.000008
   14.333333    0.099999    0.000008
   14.416667    0.099999    0.000008
   14.500000    0.099999    0.000008
   14.583333    0.099999    0.000008
   14.666667    0.099999    0.000008
   14.750000    0.099999    0.000008
   14.833333    0.099999    0.000008
   14.916667    0.099999    0.000008
   15.000000    0.099999    0.000008
   15.083333    0.099999    0.000008
   15.166667    0.099999    0.000008
   15.250000    0.099999    0.000008
   15.333333    0.099999    0.000008
   15.416667    0.099999    0.000008
   15.500000    0.099999    0.000008
   15.583333    0.099999    0.000008
   15.666667    0.099999    0.000008
   15.750000    0.099999    0.000008
   15.833333    0.099999    0.000008
   15.916667    0.099999    0.000008
   16.000000    0.099999    0.000008
   16.083334    0.099999    0.000008
   16.166666    0.099999    0.000008
   16.250000    0.099999    0.000008
   16.333334    0.099999    0.000008
   16.416666    0.099999    0.000008
   16.500000    0.099999    0.000008
   16.583334    0.099999    0.000007
   16.666666    0.099999    0.000007
   16.750000    0.099999    0.000007
   16.833334    0.099999    0.000007
   16.916666    0.099999    0.000007
   17.000000    0.099999    0.000007
   17.083334    0.099999    0.000007
   17.166666    0.099999    0.000007
   17.250000    0.099999    0.000007
   17.333334    0.099999    0.000007
   17.416666    0.099999    0.000007
   17.500000    0.099999    0.000007
   17.583334    0.099999    0.000007
   17.666666    0.099999    0.000007
   17.750000    0.099999    0.000007
   17.833334    0.099999    0.000007
   17.916666    0.099999    0.000007
   18.000000    0.099999    0.000007
   18.083334    0.099999    0.000007
   18.166666    0.099999    0.000007
   18.250000    0.099999    0.000007
   18.333334    0.099999    0.000007
   18.416666    0.099999    0.000007
   18.500000    0.099999    0.000007
   18.583334    0.099999    0.000007
   18.666666    0.099999    0.000007
   18.750000    0.099999    0.000007
   18.833334    0.099999    0.000007
   18.916666    0.099999    0.000007
   19.000000    0.099999    0.000006
   19.083334    0.099999    0.000006
   19.166666    0.099999    0.000006
   19.250000    0.099999    0.000006
   19.333334    0.099999    0.000006
   19.416666    0.099999    0.000006
   19.500000    0.099999    0.000006
   19.583334    0.099999    0.000006
   19.666666    0.099999    0.000006
   19.750000    0.099999    0.000006
   19.833334    0.099999    0.000006
   19.916666    0.099999    0.000006
   20.000000    0.099999    0.000006
   20.083334    0.099999    0.000006
   20.166666    0.099999    0.000006
   20.250000    0.099999    0.000006
   20.333334    0.099999    0.000006
   20.416666    0.099999    0.000006
   20.500000    0.099999    0.000006
   20.583334    0.099999    0.000006
   20.666666    0.099999    0.000006
   20.750000    0.099999    0.000006
   20.833334    0.099999    0.000006
   20.916666    0.099999    0.000006
   21.000000    0.099999    0.000006
   21.083334    0.099999    0.000006
   21.166666    0.099999    0.000006
   21.250000    0.099999    0.000006
   21.333334    0.099999    0.000006
   21.416666    0.099999    0.000006
   21.500000    0.099999    0.000006
   21.583334    0.099999    0.000006
   21.666666    0.099999    0.000006
   21.750000    0.099999    0.000006
   21.833334    0.099999    0.000006
   21.916666    0.099999    0.000006
   22.000000    0.099999    0.000006
   22.083334    0.099999    0.000006
   22.166666    0.099999    0.000006
   22.250000    0.099999    0.000006
   22.333334    0.099999    0.000005
   22.416666    0.099999    0.000005
   22.500000    0.099999    0.000005
   22.583334    0.099999    0.000005
   22.666666    0.099999    0.000005
   22.750000    0.099999    0.000005
   22.833334    0.099999    0.000005
   22.916666    0.099999    0.000005
   23.000000    0.099999    0.000005
   23.083334    0.099999    0.000005
   23.166666    0.099999    0.000005
   23.250000    0.099999    0.000005
   23.333334    0.099999    0.000005
   23.416666    0.099999    0.000005
   23.500000    0.099999    0.000005
   23.583334    0.099999    0.000005
   23.666666    0.099999    0.000005
   23.750000    0.099999    0.000005
   23.833334    0.099999    0.000005
   23.916666    0.099999    0.000005
   24.000000    0.099999    0.000005
   24.083334    0.099999    0.000005
   24.166666    0.099999    0.000005
   24.250000    0.099999    0.000005
   24.333334    0.099999    0.000005
   24.416666    0.099999    0.000005
   24.500000    0.099999    0.000005
   24.583334    0.099999    0.000005
   24.666666    0.099999    0.000005
   24.750000    0.099999    0.000005
   24.833334    0.099999    0.000005
   24.916666    0.099999    0.000005
   25.000000    0.099999    0.000005
   25.083334    0.099999    0.000005
   25.166666    0.099999    0.000005
   25.250000    0.099999    0.000005
   25.333334    0.099999    0.000005
   25.416666    0.099999    0.000005
   25.500000    0.099999    0.000005
   25.583334    0.099999    0.000005
   25.666666    0.099999    0.000005
   25.750000    0.099999    0.000005
   25.833334    0.099999    0.000005
   25.916666    0.099999    0.000004
   26.000000    0.099999    0.000004
   26.083334    0.099999    0.000004
   26.166666    0.099999    0.000004
   26.250000    0.099999    0.000004
   26.333334    0.099999    0.000004
   26.416666    0.099999    0.000004
   26.500000    0.099999    0.000004
   26.583334    0.099999    0.000004
   26.666666    0.099999    0.000004
   26.750000    0.099999    0.000004
   26.833334    0.099999    0.000004
   26.916666    0.099999    0.000004
   27.000000    0.099999    0.000004
   27.083334    0.099999    0.000004
   27.166666    0.099999    0.000004
   27.250000    0.099999    0.000004
   27.333334    0.099999    0.000004
   27.416666    0.099999    0.000004
   27.500000    0.099999    0.000004
   27.583334    0.099999    0.000004
   27.666666    0.099999    0.000004
   27.750000    0.099999    0.000004
   27.833334    0.099999    0.000004
   27.916666    0.099999    0.000004
   28.000000    0.099999    0.000004
   28.083334    0.099999    0.000004
   28.166666    0.099999    0.000004
   28.250000    0.099999    0.000004
   28.333334    0.099999    0.000004
   28.416666    0.099999    0.000004
   28.500000    0.099999    0.000004
   28.583334    0.099999    0.000004
   28.666666    0.099999    0.000004
   28.750000    0.099999    0.000004
   28.833334    0.099999    0.000004
   28.916666    0.099999    0.000004
   29.000000    0.099999    0.000004
   29.083334    0.099999    0.000004
   29.166666    0.099999    0.000004
   29.250000    0.099999    0.000004
   29.333334    0.099999    0.000004
   29.416666    0.099999    0.000004
   29.500000    0.099999    0.000004
   29.583334    0.099999    0.000004
   29.666666    0.099999    0.000004
   29.750000    0.099999    0.000004
   29.833334    0.099999    0.000004
   29.916666    0.099999    0.000004
   30.000000    0.099999    0.000004
   30.083334    0.099999    0.000004
   30.166666    0.099999    0.000004
   30.250000    0.099999    0.000003
   30.333334    0.099999    0.000003
   30.416666    0.099999    0.000003
   30.500000    0.099999    0.000003
   30.583334    0.099999    0.000003
   30.666666    0.099999    0.000003
   30.750000    0.099999    0.000003
   30.833334    0.099999    0.000003
   30.916666    0.099999    0.000003
   31.000000    0.099999    0.000003
   31.083334    0.099999    0.000003
   31.166666    0.099999    0.000003
   31.250000    0.099999    0.000003
   31.333334    0.099999    0.000003
   31.416666    0.099999    0.000003
   31.500000    0.099999    0.000003
   31.583334    0.099999    0.000003
   31.666666    0.099999    0.000003
   31.750000    0.099999    0.000003
   31.833334    0.099999    0.000003
   31.916666    0.099999    0.000003
   32.000000    0.099999    0.000003
   32.083332    0.099999    0.000003
   32.166668    0.099999    0.000003
   32.250000    0.099999    0.000003
   32.333332    0.099999    0.000003
   32.416668    0.099999    0.000003
   32.500000    0.099999    0.000003
   32.583332    0.099999    0.000003
   32.666668    0.099999    0.000003
   32.750000    0.099999    0.000003
   32.833332    0.099999    0.000003
   32.916668    0.099999    0.000003
   33.000000    0.099999    0.000003
   33.083332    0.099999    0.000003
   33.166668    0.099999    0.000003
   33.250000    0.099999    0.000003
   33.333332    0.099999    0.000003
   33.416668    0.099999    0.000003
   33.500000    0.099999    0.000003
   33.583332    0.099999    0.000003
   33.666668    0.099999    0.000003
   33.750000    0.099999    0.000003
   33.833332    0.099999    0.000003
   33.916668    0.099999    0.000003
   34.000000    0.099999    0.000003
   34.083332    0.099999    0.000003
   34.166668    0.099999    0.000003
   34.250000    0.099999    0.000003
   34.333332    0.099999    0.000003
   34.416668    0.099999    0.000003
   34.500000    0.099999    0.000003
   34.583332    0.099999    0.000003
   34.666668    0.099999    0.000003
   34.750000    0.099999    0.000003
   34.833332    0.099999    0.000003
   34.916668    0.099999    0.000003
   35.000000    0.099999    0.000002
   35.083332    0.099999    0.000002
   35.166668    0.099999    0.000002
   35.250000    0.099999    0.000002
   35.333332    0.099999    0.000002
   35.416668    0.099999    0.000002
   35.500000    0.099999    0.000002
   35.583332    0.099999    0.000002
   35.666668    0.099999    0.000002
   35.750000    0.099999    0.000002
   35.833332    0.099999    0.000002
   35.916668    0.099999    0.000002
   36.000000    0.099999    0.000002
   36.083332    0.099999    0.000002
   36.166668    0.099999    0.000002
   36.250000    0.099999    0.000002
   36.333332    0.099999    0.000002
   36.416668    0.099999    0.000002
   36.500000    0.099999    0.000002
   36.583332    0.099999    0.000002
   36.666668    0.099999    0.000002
   36.750000    0.099999    0.000002
   36.833332    0.099999    0.000002
   36.916668    0.099999    0.000002
   37.000000    0.099999    0.000002
   37.083332    0.099999    0.000002
   37.166668    0.099999    0.000002
   37.250000    0.099999    0.000002
   37.333332    0.099999    0.000002
   37.416668    0.099999    0.000002
   37.500000    0.099999    0.000002
   37.583332    0.099999    0.000002
   37.666668    0.099999    0.000002
   37.750000    0.099999    0.000002
   37.833332    0.099999    0.000002
   37.916668    0.099999    0.000002
   38.000000    0.099999    0.000002
   38.083332    0.099999    0.000002
   38.166668    0.099999    0.000002
   38.250000    0.099999    0.000002
   38.333332    0.099999    0.000002
   38.416668    0.099999    0.000002
   38.500000    0.099999    0.000002
   38.583332    0.099999    0.000002
   38.666668    0.099999    0.000002
   38.750000    0.099999    0.000002
   38.833332    0.099999    0.000002
   38.916668    0.099999    0.000002
   39.000000    0.099999    0.000002
   39.083332    0.099999    0.000002
   39.166668    0.099999    0.000002
   39.250000    0.099999    0.000002
   39.333332    0.099999    0.000002
   39.416668    0.099999    0.000002
   39.500000    0.099999    0.000002
   39.583332    0.099999    0.000002
   39.666668    0.099999    0.000002
   39.750000    0.099999    0.000002
   39.833332    0.099999    0.000002
   39.916668    0.099999    0.000002
   40.000000    0.099999    0.000002
   40.083332    0.099999    0.000002
   40.166668    0.099999    0.000002
   40.250000    0.099999    0.000002
   40.333332    0.099999    0.000002
   40.416668    0.099999    0.000002
   40.500000    0.099999    0.000002
   40.583332    0.099999    0.000002
   40.666668    0.099999    0.000001
   40.750000    0.099999    0.000001
   40.833332    0.099999    0.000001
   40.916668    0.099999    0.000001
   41.000000    0.099999    0.000001
   41.083332    0.099999    0.000001
   41.166668    0.099999    0.000001
   41.250000    0.099999    0.000001
   41.333332    0.099999    0.000001
   41.416668    0.099999    0.000001
   41.500000    0.099999    0.000001
   41.583332    0.099999    0.000001
   41.666668    0.099999    0.000001
   41.750000    0.099999    0.000001
   41.833332    0.099999    0.000001
   41.916668    0.099999    0.000001
   42.000000    0.099999    0.000001
   42.083332    0.099999    0.000001
   42.166668    0.099999    0.000001
   42.250000    0.099999    0.000001
   42.333332    0.099999    0.000001
   42.416668    0.099999    0.000001
   42.500000    0.099999    0.000001
   42.583332    0.099999    0.000001
   42.666668    0.099999    0.000001
   42.750000    0.099999    0.000001
   42.833332    0.099999    0.000001
   42.916668    0.099999    0.000001
   43.000000    0.099999    0.000001
   43.083332    0.099999    0.000001
   43.166668    0.099999    0.000001
   43.250000    0.099999    0.000001
   43.333332    0.099999    0.000001
   43.416668    0.099999    0.000001
   43.500000    0.099999    0.000001
   43.583332    0.099999    0.000001
   43.666668    0.099999    0.000001
   43.750000    0.099999    0.000001
   43.833332    0.099999    0.000001
   43.916668    0.099999    0.000001
   44.000000    0.099999    0.000001
   44.083332    0.099999    0.000001
   44.166668    0.099999    0.000001
   44.250000    0.099999    0.000001
   44.333332    0.099999    0.000001
   44.416668    0.099999    0.000001
   44.500000    0.099999    0.000001
   44.583332    0.099999    0.000001
   44.666668    0.099999    0.000001
   44.750000    0.099999    0.000001
   44.833332    0.099999    0.000001
   44.916668    0.099999    0.000001
   45.000000    0.099999    0.000001
   45.083332    0.099999    0.000001
   45.166668    0.099999    0.000001
   45.250000    0.099999    0.000001
   45.333332    0.099999    0.000001
   45.416668    0.099999    0.000001
   45.500000    0.099999    0.000001
   45.583332    0.099999    0.000001
   45.666668    0.099999    0.000001
   45.750000    0.099999    0.000001
   45.833332    0.099999    0.000001
   45.916668    0.099999    0.000001
   46.000000    0.099999    0.000001
   46.083332    0.099999    0.000001
   46.166668    0.099999    0.000001
   46.250000    0.099999    0.000001
   46.333332    0.099999    0.000001
   46.416668    0.099999    0.000001
   46.500000    0.099999    0.000001
   46.583332    0.099999    0.000001
   46.666668    0.099999    0.000001
   46.750000    0.099999    0.000001
   46.833332    0.099999    0.000000
   46.916668    0.099999    0.000000
   47.000000    0.099999    0.000000
   47.083332    0.099999    0.000000
   47.166668    0.099999    0.000000
   47.250000    0.099999    0.000000
   47.333332    0.099999    0.000000
   47.416668    0.099999    0.000000
   47.500000    0.099999    0.000000
   47.583332    0.099999    0.000000
   47.666668    0.099999    0.000000
   47.750000    0.099999    0.000000
   47.833332    0.099999    0.000000
   47.916668    0.099999    0.000000
   48.000000    0.099999    0.000000
   48.083332    0.099999    0.000000
   48.166668    0.099999    0.000000
   48.250000    0.099999    0.000000
   48.333332    0.099999    0.000000
   48.416668    0.099999    0.000000
   48.500000    0.099999    0.000000
   48.583332    0.099999    0.000000
   48.666668    0.099999    0.000000
   48.750000    0.099999    0.000000
   48.833332    0.099999    0.000000
   48.916668    0.099999    0.000000
   49.000000    0.099999    0.000000
   49.083332    0.099999    0.000000
   49.166668    0.099999    0.000000
   49.250000    0.099999    0.000000
   49.333332    0.099999    0.000000
   49.416668    0.099999    0.000000
   49.500000    0.099999    0.000000
   49.583332    0.099999    0.000000
   49.666668    0.099999    0.000000
   49.750000    0.099999    0.000000
   49.833332    0.099999    0.000000
   49.916668    0.099999    0.000000
   50.000000    0.099999    0.000000
   50.083332    0.099999    0.000000
   50.166668    0.099999    0.000000
   50.250000    0.099999    0.000000
   50.333332    0.099999    0.000000
   50.416668    0.099999    0.000000
   50.500000    0.099999    0.000000
   50.583332    0.099999    0.000000
   50.666668    0.099999    0.000000
   50.750000    0.099999    0.000000
   50.833332    0.099999    0.000000
   50.916668    0.099999    0.000000
   51.000000    0.099999    0.000000
   51.083332    0.099999    0.000000
   51.166668    0.099999    0.000000
   51.250000    0.099999    0.000000
   51.333332    0.099999    0.000000
   51.416668    0.099999    0.000000
   51.500000    0.099999    0.000000
   51.583332    0.099999    0.000000
   51.666668    0.099999    0.000000
   51.750000    0.099999    0.000000
   51.833332    0.099999    0.000000
   51.916668    0.099999    0.000000
   52.000000    0.099999    0.000000
   52.083332    0.099999    0.000000
   52.166668    0.099999    0.000000
   52.250000    0.099999    0.000000
   52.333332    0.099999    0.000000
   52.416668    0.099999    0.000000
   52.500000    0.099999    0.000000
   52.583332    0.099999    0.000000
   52.666668    0.099999    0.000000
   52.750000    0.099999    0.000000
   52.833332    0.099999    0.000000
   52.916668    0.099999    0.000000
   53.000000    0.099999    0.000000
   53.083332    0.099999    0.000000
   53.166668    0.099999    0.000000
   53.250000    0.099999   -0.000001
   53.333332    0.099999   -0.000001
   53.416668    0.099999   -0.000001
   53.500000    0.099999   -0.000001
   53.583332    0.099999   -0.000001
   53.666668    0.099999   -0.000001
   53.750000    0.099999   -0.000001
   53.833332    0.099999   -0.000001
   53.916668    0.099999   -0.000001
   54.000000    0.099999   -0.000001
   54.083332    0.099999   -0.000001
   54.166668    0.099999   -0.000001
   54.250000    0.099999   -0.000001
   54.333332    0.099999   -0.000001
   54.416668    0.099999   -0.000001
   54.500000    0.099999   -0.000001
   54.583332    0.099999   -0.000001
   54.666668    0.099999   -0.000001
   54.750000    0.099999   -0.000001
   54.833332    0.099999   -0.000001
   54.916668    0.099999   -0.000001
   55.000000    0.099999   -0.000001
   55.083332    0.099999   -0.000001
   55.166668    0.099999   -0.000001
   55.250000    0.099999   -0.000001
   55.333332    0.099999   -0.000001
   55.416668    0.099999   -0.000001
   55.500000    0.099999   -0.000001
   55.583332    0.099999   -0.000001
   55.666668    0.099999   -0.000001
   55.750000    0.099999   -0.000001
   55.833332    0.099999   -0.000001
   55.916668    0.099999   -0.000001
   56.000000    0.099999   -0.000001
   56.083332    0.099999   -0.000001
   56.166668    0.099999   -0.000001
   56.250000    0.099999   -0.000001
   56.333332    0.099999   -0.000001
   56.416668    0.099999   -0.000001
   56.500000    0.099999   -0.000001
   56.583332    0.099999   -0.000001
   56.666668    0.099999   -0.000001
   56.750000    0.099999   -0.000001
   56.833332    0.099999   -0.000001
   56.916668    0.099999   -0.000001
   57.000000    0.099999   -0.000001
   57.083332    0.099999   -0.000001
   57.166668    0.099999   -0.000001
   57.250000    0.099999   -0.000001
   57.333332    0.099999   -0.000001
   57.416668    0.099999   -0.000001
   57.500000    0.099999   -0.000001
   57.583332    0.099999   -0.000001
   57.666668    0.099999   -0.000001
   57.750000    0.099999   -0.000001
   57.833332    0.099999   -0.000001
   57.916668    0.099999   -0.000001
   58.000000    0.099999   -0.000001
   58.083332    0.099999   -0.000001
   58.166668    0.099999   -0.000001
   58.250000    0.099999   -0.000001
   58.333332    0.099999   -0.000001
   58.416668    0.099999   -0.000001
   58.500000    0.099999   -0.000001
   58.583332    0.099999   -0.000001
   58.666668    0.099999   -0.000001
   58.750000    0.099999   -0.000001
   58.833332    0.099999   -0.000001
   58.916668    0.099999   -0.000001
   59.000000    0.099999   -0.000001
   59.083332    0.099999   -0.000001
   59.166668    0.099999   -0.000001
   59.250000    0.099999   -0.000001
   59.333332    0.099999   -0.000001
   59.416668    0.099999   -0.000002
   59.500000    0.099999   -0.000002
   59.583332    0.099999   -0.000002
   59.666668    0.099999   -0.000002
   59.750000    0.099999   -0.000002
   59.833332    0.099999   -0.000002
   59.916668    0.099999   -0.000002
   60.000000    0.099999   -0.000002
   60.083332    0.099999   -0.000002
   60.166668    0.099999   -0.000002
   60.250000    0.099999   -0.000002
   60.333332    0.099999   -0.000002
   60.416668    0.099999   -0.000002
   60.500000    0.099999   -0.000002
   60.583332    0.099999   -0.000002
   60.666668    0.099999   -0.000002
   60.750000    0.099999   -0.000002
   60.833332    0.099999   -0.000002
   60.916668    0.099999   -0.000002
   61.000000    0.099999   -0.000002
   61.083332    0.099999   -0.000002
   61.166668    0.099999   -0.000002
   61.250000    0.099999   -0.000002
   61.333332    0.099999   -0.000002
   61.416668    0.099999   -0.000002
   61.500000    0.099999   -0.000002
   61.583332    0.099999   -0.000002
   61.666668    0.099999   -0.000002
   61.750000    0.099999   -0.000002
   61.833332    0.099999   -0.000002
   61.916668    0.099999   -0.000002
   62.000000    0.099999   -0.000002
   62.083332    0.099999   -0.000002
   62.166668    0.099999   -0.000002
   62.250000    0.099999   -0.000002
   62.333332    0.099999   -0.000002
   62.416668    0.099999   -0.000002
   62.500000    0.099999   -0.000002
   62.583332    0.099999   -0.000002
   62.666668    0.099999   -0.000002
   62.750000    0.099999   -0.000002
   62.833332    0.099999   -0.000002
   62.916668    0.099999   -0.000002
   63.000000    0.099999   -0.000002
   63.083332    0.099999   -0.000002
   63.166668    0.099999   -0.000002
   63.250000    0.099999   -0.000002
   63.333332    0.099999   -0.000002
   63.416668    0.099999   -0.000002
   63.500000    0.099999   -0.000002
   63.583332    0.099999   -0.000002
   63.666668    0.099999   -0.000002
   63.750000    0.099999   -0.000002
   63.833332    0.099999   -0.000002
   63.916668    0.099999   -0.000002
   64.000000    0.099999   -0.000002
   64.083336    0.099999   -0.000002
   64.166664    0.099999   -0.000002
   64.250000    0.099999   -0.000002
   64.333336    0.099999   -0.000002
   64.416664    0.099999   -0.000002
   64.500000    0.099999   -0.000002
   64.583336    0.099999   -0.000002
   64.666664    0.099999   -0.000002
   64.750000    0.099999   -0.000002
   64.833336    0.099999   -0.000002
   64.916664    0.099999   -0.000002
   65.000000    0.099999   -0.000002
   65.083336    0.099999   -0.000003
   65.166664    0.099999   -0.000003
   65.250000    0.099999   -0.000003
   65.333336    0.099999   -0.000003
   65.416664    0.099999   -0.000003
   65.500000    0.099999   -0.000003
   65.583336    0.099999   -0.000003
   65.666664    0.099999   -0.000003
   65.750000    0.099999   -0.000003
   65.833336    0.099999   -0.000003
   65.916664    0.099999   -0.000003
   66.000000    0.099999   -0.000003
   66.083336    0.099999   -0.000003
   66.166664    0.099999   -0.000003
   66.250000    0.099999   -0.000003
   66.333336    0.099999   -0.000003
   66.416664    0.099999   -0.000003
   66.500000    0.099999   -0.000003
   66.583336    0.099999   -0.000003
   66.666664    0.099999   -0.000003
   66.750000    0.099999   -0.000003
   66.833336    0.099999   -0.000003
   66.916664    0.099999   -0.000003
   67.000000    0.099999   -0.000003
   67.083336    0.099999   -0.000003
   67.166664    0.099999   -0.000003
   67.250000    0.099999   -0.000003
   67.333336    0.099999   -0.000003
   67.416664    0.099999   -0.000003
   67.500000    0.099999   -0.000003
   67.583336    0.099999   -0.000003
   67.666664    0.099999   -0.000003
   67.750000    0.099999   -0.000003
   67.833336    0.099999   -0.000003
   67.916664    0.099999   -0.000003
   68.000000    0.099999   -0.000003
   68.083336    0.099999   -0.000003
   68.166664    0.099999   -0.000003
   68.250000    0.099999   -0.000003
   68.333336    0.099999   -0.000003
   68.416664    0.099999   -0.000003
   68.500000    0.099999   -0.000003
   68.583336    0.099999   -0.000003
   68.666664    0.099999   -0.000003
   68.750000    0.099999   -0.000003
   68.833336    0.099999   -0.000003
   68.916664    0.099999   -0.000003
   69.000000    0.099999   -0.000003
   69.083336    0.099999   -0.000003
   69.166664    0.099999   -0.000003
   69.250000    0.099999   -0.000003
   69.333336    0.099999   -0.000003
   69.416664    0.099999   -0.000003
   69.500000    0.099999   -0.000003
   69.583336    0.099999   -0.000003
   69.666664    0.099999   -0.000003
   69.750000    0.099999   -0.000003
   69.833336    0.099999   -0.000004
   69.916664    0.099999   -0.000004
   70.000000    0.099999   -0.000004
   70.083336    0.099999   -0.000004
   70.166664    0.099999   -0.000004
   70.250000    0.099999   -0.000004
   70.333336    0.099999   -0.000004
   70.416664    0.099999   -0.000004
   70.500000    0.099999   -0.000004
   70.583336    0.099999   -0.000004
   70.666664    0.099999   -0.000004
   70.750000    0.099999   -0.000004
   70.833336    0.099999   -0.000004
   70.916664    0.099999   -0.000004
   71.000000    0.099999   -0.000004
   71.083336    0.099999   -0.000004
   71.166664    0.099999   -0.000004
   71.250000    0.099999   -0.000004
   71.333336    0.099999   -0.000004
   71.416664    0.099999   -0.000004
   71.500000    0.099999   -0.000004
   71.583336    0.099999   -0.000004
   71.666664    0.099999   -0.000004
   71.750000    0.099999   -0.000004
   71.833336    0.099999   -0.000004
   71.916664    0.099999   -0.000004
   72.000000    0.099999   -0.000004
   72.083336    0.099999   -0.000004
   72.166664    0.099999   -0.000004
   72.250000    0.099999   -0.000004
   72.333336    0.099999   -0.000004
   72.416664    0.099999   -0.000004
   72.500000    0.099999   -0.000004
   72.583336    0.099999   -0.000004
   72.666664    0.099999   -0.000004
   72.750000    0.099999   -0.000004
   72.833336    0.099999   -0.000004
   72.916664    0.099999   -0.000004
   73.000000    0.099999   -0.000004
   73.083336    0.099999   -0.000004
   73.166664    0.099999   -0.000004
   73.250000    0.099999   -0.000004
   73.333336    0.099999   -0.000004
   73.416664    0.099999   -0.000004
   73.500000    0.099999   -0.000004
   73.583336    0.099999   -0.000004
   73.666664    0.099999   -0.000004
   73.750000    0.099999   -0.000004
   73.833336    0.099999   -0.000004
   73.916664    0.099999   -0.000004
   74.000000    0.099999   -0.000004
   74.083336    0.099999   -0.000004
   74.166664    0.099999   -0.000005
   74.250000    0.099999   -0.000005
   74.333336    0.099999   -0.000005
   74.416664    0.099999   -0.000005
   74.500000    0.099999   -0.000005
   74.583336    0.099999   -0.000005
   74.666664    0.099999   -0.000005
   74.750000    0.099999   -0.000005
   74.833336    0.099999   -0.000005
   74.916664    0.099999   -0.000005
   75.000000    0.099999   -0.000005
   75.083336    0.099999   -0.000005
   75.166664    0.099999   -0.000005
   75.250000    0.099999   -0.000005
   75.333336    0.099999   -0.000005
   75.416664    0.099999   -0.000005
   75.500000    0.099999   -0.000005
   75.583336    0.099999   -0.000005
   75.666664    0.099999   -0.000005
   75.750000    0.099999   -0.000005
   75.833336    0.099999   -0.000005
   75.916664    0.099999   -0.000005
   76.000000    0.099999   -0.000005
   76.083336    0.099999   -0.000005
   76.166664    0.099999   -0.000005
   76.250000    0.099999   -0.000005
   76.333336    0.099999   -0.000005
   76.416664    0.099999   -0.000005
   76.500000    0.099999   -0.000005
   76.583336    0.099999   -0.000005
   76.666664    0.099999   -0.000005
   76.750000    0.099999   -0.000005
   76.833336    0.099999   -0.000005
   76.916664    0.099999   -0.000005
   77.000000    0.099999   -0.000005
   77.083336    0.099999   -0.000005
   77.166664    0.099999   -0.000005
   77.250000    0.099999   -0.000005
   77.333336    0.099999   -0.000005
   77.416664    0.099999   -0.000005
   77.500000    0.099999   -0.000005
   77.583336    0.099999   -0.000005
   77.666664    0.099999   -0.000005
   77.750000    0.099999   -0.000006
   77.833336    0.099999   -0.000006
   77.916664    0.099999   -0.000006
   78.000000    0.099999   -0.000006
   78.083336    0.099999   -0.000006
   78.166664    0.099999   -0.000006
   78.250000    0.099999   -0.000006
   78.333336    0.099999   -0.000006
   78.416664    0.099999   -0.000006
   78.500000    0.099999   -0.000006
   78.583336    0.099999   -0.000006
   78.666664    0.099999   -0.000006
   78.750000    0.099999   -0.000006
   78.833336    0.099999   -0.000006
   78.916664    0.099999   -0.000006
   79.000000    0.099999   -0.000006
   79.083336    0.099999   -0.000006
   79.166664    0.099999   -0.000006
   79.250000    0.099999   -0.000006
   79.333336    0.099999   -0.000006
   79.416664    0.099999   -0.000006
   79.500000    0.099999   -0.000006
   79.583336    0.099999   -0.000006
   79.666664    0.099999   -0.000006
   79.750000    0.099999   -0.000006
   79.833336    0.099999   -0.000006
   79.916664    0.099999   -0.000006
   80.000000    0.099999   -0.000006
   80.083336    0.099999   -0.000006
   80.166664    0.099999   -0.000006
   80.250000    0.099999   -0.000006
   80.333336    0.099999   -0.000006
   80.416664    0.099999   -0.000006
   80.500000    0.099999   -0.000006
   80.583336    0.099999   -0.000006
   80.666664    0.099999   -0.000006
   80.750000    0.099999   -0.000006
   80.833336    0.099999   -0.000006
   80.916664    0.099999   -0.000006
   81.000000    0.099999   -0.000006
   81.083336    0.099999   -0.000007
   81.166664    0.099999   -0.000007
   81.250000    0.099999   -0.000007
   81.333336    0.099999   -0.000007
   81.416664    0.099999   -0.000007
   81.500000    0.099999   -0.000007
   81.583336    0.099999   -0.000007
   81.666664    0.099999   -0.000007
   81.750000    0.099999   -0.000007
   81.833336    0.099999   -0.000007
   81.916664    0.099999   -0.000007
   82.000000    0.099999   -0.000007
   82.083336    0.099999   -0.000007
   82.166664    0.099999   -0.000007
   82.250000    0.099999   -0.000007
   82.333336    0.099999   -0.000007
   82.416664    0.099999   -0.000007
   82.500000    0.099999   -0.000007
   82.583336    0.099999   -0.000007
   82.666664    0.099999   -0.000007
   82.750000    0.099999   -0.000007
   82.833336    0.099999   -0.000007
   82.916664    0.099999   -0.000007
   83.000000    0.099999   -0.000007
   83.083336    0.099999   -0.000007
   83.166664    0.099999   -0.000007
   83.250000    0.099999   -0.000007
   83.333336    0.099999   -0.000007
   83.416664    0.099999   -0.000007
   83.500000    0.099999   -0.000008
   83.583336    0.099999   -0.000008
   83.666664    0.099999   -0.000008
   83.750000    0.099999   -0.000008
   83.833336    0.099999   -0.000008
   83.916664    0.099999   -0.000008
   84.000000    0.099999   -0.000008
   84.083336    0.099999   -0.000008
   84.166664    0.099999   -0.000008
   84.250000    0.099999   -0.000008
   84.333336    0.099999   -0.000008
   84.416664    0.099999   -0.000008
   84.500000    0.099999   -0.000008
   84.583336    0.099999   -0.000008
   84.666664    0.099999   -0.000008
   84.750000    0.099999   -0.000008
   84.833336    0.099999   -0.000008
   84.916664    0.099999   -0.000008
   85.000000    0.099999   -0.000008
   85.083336    0.099999   -0.000008
   85.166664    0.099999   -0.000008
   85.250000    0.099999   -0.000008
   85.333336    0.099999   -0.000008
   85.416664    0.099999   -0.000008
   85.500000    0.099999   -0.000008
   85.583336    0.099999   -0.000008
   85.666664    0.099999   -0.000008
   85.750000    0.099999   -0.000008
   85.833336    0.099999   -0.000009
   85.916664    0.099999   -0.000009
   86.000000    0.099999   -0.000009
   86.083336    0.099999   -0.000009
   86.166664    0.099999   -0.000009
   86.250000    0.099999   -0.000009
   86.333336    0.099999   -0.000009
   86.416664    0.099999   -0.000009
   86.500000    0.099999   -0.000009
   86.583336    0.099999   -0.000009
   86.666664    0.099999   -0.000009
   86.750000    0.099999   -0.000009
   86.833336    0.099999   -0.000009
   86.916664    0.099999   -0.000009
   87.000000    0.099999   -0.000009
   87.083336    0.099999   -0.000009
   87.166664    0.099999   -0.000009
   87.250000    0.099999   -0.000009
   87.333336    0.099999   -0.000009
   87.416664    0.099999   -0.000010
   87.500000    0.099999   -0.000010
   87.583336    0.099999   -0.000010
   87.666664    0.099999   -0.000010
   87.750000    0.099999   -0.000010
   87.833336    0.099999   -0.000010
   87.916664    0.099999   -0.000010
   88.000000    0.099999   -0.000010
   88.083336    0.099999   -0.000010
   88.166664    0.099999   -0.000010
   88.250000    0.099999   -0.000010
   88.333336    0.099999   -0.000010
   88.416664    0.099999   -0.000010
   88.500000    0.099999   -0.000010
   88.583336    0.099999   -0.000010
   88.666664    0.099999   -0.000010
   88.750000    0.099999   -0.000010
   88.833336    0.099999   -0.000010
   88.916664    0.099999   -0.000011
   89.000000    0.099999   -0.000011
   89.083336    0.099999   -0.000011
   89.166664    0.099999   -0.000011
   89.250000    0.099999   -0.000011
   89.333336    0.099998   -0.000011
   89.416664    0.099998   -0.000011
   89.500000    0.099998   -0.000011
   89.583336    0.099998   -0.000011
   89.666664    0.099998   -0.000011
   89.750000    0.099998   -0.000011
   89.833336    0.099998   -0.000011
   89.916664    0.099998   -0.000011
   90.000000    0.099998   -0.000011
   90.083336    0.099998   -0.000011
   90.166664    0.099998   -0.000011
   90.250000    0.099998   -0.000011
   90.333336    0.099998   -0.000012
   90.416664    0.099998   -0.000012
   90.500000    0.099998   -0.000012
   90.583336    0.099998   -0.000012
   90.666664    0.099998   -0.000012
   90.750000    0.099998   -0.000012
   90.833336    0.099998   -0.000012
   90.916664    0.099998   -0.000012
   91.000000    0.099998   -0.000012
   91.083336    0.099998   -0.000012
   91.166664    0.099998   -0.000012
   91.250000    0.099998   -0.000012
   91.333336    0.099998   -0.000013
   91.416664    0.099998   -0.000013
   91.500000    0.099998   -0.000013
   91.583336    0.099998   -0.000013
   91.666664    0.099998   -0.000013
   91.750000    0.099998   -0.000013
   91.833336    0.099998   -0.000013
   91.916664    0.099998   -0.000013
   92.000000    0.099998   -0.000013
   92.083336    0.099998   -0.000013
   92.166664    0.099998   -0.000013
   92.250000    0.099998   -0.000013
   92.333336    0.099998   -0.000013
   92.416664    0.099998   -0.000014
   92.500000    0.099998   -0.000014
   92.583336    0.099998   -0.000014
   92.666664    0.099998   -0.000014
   92.750000    0.099998   -0.000014
   92.833336    0.099998   -0.000014
   92.916664    0.099998   -0.000014
   93.000000    0.099998   -0.000014
   93.083336    0.099998   -0.000014
   93.166664    0.099998   -0.000015
   93.250000    0.099998   -0.000015
   93.333336    0.099998   -0.000015
   93.416664    0.099998   -0.000015
   93.500000    0.099998   -0.000015
   93.583336    0.099998   -0.000015
   93.666664    0.099998   -0.000016
   93.750000    0.099998   -0.000016
   93.833336    0.099998   -0.000016
   93.916664    0.099998   -0.000016
   94.000000    0.099998   -0.000016
   94.083336    0.099998   -0.000016
   94.166664    0.099998   -0.000017
   94.250000    0.099998   -0.000017
   94.333336    0.099998   -0.000017
   94.416664    0.099998   -0.000017
   94.500000    0.099998   -0.000017
   94.583336    0.099998   -0.000018
   94.666664    0.099998   -0.000018
   94.750000    0.099998   -0.000019
   94.833336    0.099998   -0.000019
   94.916664    0.099998   -0.000020
   95.000000    0.099998   -0.000021
   95.083336    0.099997   -0.000022
   95.166664    0.099997   -0.000024
   95.250000    0.099997   -0.000026
   95.333336    0.099997   -0.000028
   95.416664    0.099996   -0.000032
   95.500000    0.099996   -0.000038
   95.583336    0.099995   -0.000043
   95.666664    0.099994   -0.000055
   95.750000    0.099993   -0.000069
   95.833336    0.099991   -0.000085
   95.916664    0.099988   -0.000116
   96.000000    0.099984   -0.000152
   96.083336    0.099978   -0.000198
   96.166664    0.099973   -0.000284
   96.250000    0.099961   -0.000370
   96.333336    0.099947   -0.000515
   96.416664    0.099929   -0.000722
   96.500000    0.099899   -0.000953
   96.583336    0.099868   -0.001376
   96.666664    0.099810   -0.001799
   96.750000    0.099750   -0.002561
   96.833336    0.099650   -0.003386
   96.916664    0.099535   -0.004674
   97.000000    0.099369   -0.006210
   97.083336    0.099165   -0.008318
   97.166664    0.098898   -0.010925
   97.250000    0.098573   -0.014188
   97.333336    0.098183   -0.018071
   97.416664    0.097815   -0.021758
   97.500000    0.097557   -0.024343
   97.583336    0.097390   -0.026024
   97.666664    0.097289   -0.027032
   97.750000    0.097236   -0.027567
   97.833336    0.097213   -0.027796
   97.916664    0.097207   -0.027855
   98.000000    0.097209   -0.027852
   98.083336    0.097213   -0.027760
   98.166664    0.097234   -0.027639
   98.250000    0.097258   -0.027277
   98.333336    0.097311   -0.026901
   98.416664    0.097364   -0.026197
   98.500000    0.097451   -0.025484
   98.583336    0.097539   -0.024467
   98.666664    0.097653   -0.023416
   98.750000    0.097773   -0.022164
   98.833336    0.097907   -0.020847
   98.916664    0.098047   -0.019438
   99.000000    0.098193   -0.017983
   99.083336    0.098326   -0.016649
   99.166664    0.098454   -0.015375
   99.250000    0.098569   -0.014221
   99.333336    0.098683   -0.013088
   99.416664    0.098787   -0.012055
   99.500000    0.098889   -0.011030
   99.583336    0.098984   -0.010092
   99.666664    0.099077   -0.009162
   99.750000    0.099163   -0.008311
   99.833336    0.099247   -0.007476
   99.916664    0.099324   -0.006710
  100.000000    0.100000    0.000000
  100.083336    0.100000    0.000000
  100.166664    0.100000    0.000000
  100.250000    0.100000    0.000000
